<?xml version="1.0" encoding="UTF-8"?>
<coverage generated="1758481891673" clover="3.2.0">
  <project timestamp="1758481891673" name="All files">
    <metrics statements="254" coveredstatements="233" conditionals="165" coveredconditionals="122" methods="90" coveredmethods="82" elements="509" coveredelements="437" complexity="0" loc="254" ncloc="254" packages="9" files="37" classes="37"/>
    <package name="components.common">
      <metrics statements="13" coveredstatements="12" conditionals="6" coveredconditionals="4" methods="7" coveredmethods="6"/>
      <file name="AvatarMenu.tsx" path="/Users/evgenii/Desktop/dev/admin MVP/Admin-Dashboard-MVP/components/common/AvatarMenu.tsx">
        <metrics statements="10" coveredstatements="10" conditionals="1" coveredconditionals="1" methods="5" coveredmethods="5"/>
        <line num="2" count="1" type="stmt"/>
        <line num="3" count="1" type="stmt"/>
        <line num="4" count="1" type="stmt"/>
        <line num="6" count="6" type="stmt"/>
        <line num="7" count="14" type="stmt"/>
        <line num="8" count="14" type="stmt"/>
        <line num="13" count="6" type="stmt"/>
        <line num="21" count="1" type="stmt"/>
        <line num="28" count="1" type="stmt"/>
        <line num="29" count="1" type="stmt"/>
      </file>
      <file name="ConfirmModal.tsx" path="/Users/evgenii/Desktop/dev/admin MVP/Admin-Dashboard-MVP/components/common/ConfirmModal.tsx">
        <metrics statements="2" coveredstatements="2" conditionals="3" coveredconditionals="3" methods="1" coveredmethods="1"/>
        <line num="11" count="6" type="stmt"/>
        <line num="12" count="6" type="cond" truecount="2" falsecount="0"/>
      </file>
      <file name="EmptyState.tsx" path="/Users/evgenii/Desktop/dev/admin MVP/Admin-Dashboard-MVP/components/common/EmptyState.tsx">
        <metrics statements="1" coveredstatements="0" conditionals="2" coveredconditionals="0" methods="1" coveredmethods="0"/>
        <line num="1" count="0" type="cond" truecount="0" falsecount="2"/>
      </file>
    </package>
    <package name="components.data-table">
      <metrics statements="72" coveredstatements="66" conditionals="51" coveredconditionals="38" methods="23" coveredmethods="20"/>
      <file name="ColumnVisibilityMenu.tsx" path="/Users/evgenii/Desktop/dev/admin MVP/Admin-Dashboard-MVP/components/data-table/ColumnVisibilityMenu.tsx">
        <metrics statements="10" coveredstatements="8" conditionals="7" coveredconditionals="4" methods="3" coveredmethods="3"/>
        <line num="4" count="1" type="stmt"/>
        <line num="5" count="1" type="stmt"/>
        <line num="12" count="9" type="cond" truecount="1" falsecount="0"/>
        <line num="13" count="9" type="stmt"/>
        <line num="15" count="9" type="cond" truecount="1" falsecount="1"/>
        <line num="16" count="0" type="stmt"/>
        <line num="29" count="18" type="cond" truecount="1" falsecount="1"/>
        <line num="30" count="0" type="stmt"/>
        <line num="33" count="18" type="stmt"/>
        <line num="37" count="1" type="stmt"/>
      </file>
      <file name="DataTable.tsx" path="/Users/evgenii/Desktop/dev/admin MVP/Admin-Dashboard-MVP/components/data-table/DataTable.tsx">
        <metrics statements="7" coveredstatements="7" conditionals="9" coveredconditionals="7" methods="1" coveredmethods="1"/>
        <line num="4" count="1" type="stmt"/>
        <line num="5" count="1" type="stmt"/>
        <line num="6" count="1" type="stmt"/>
        <line num="7" count="1" type="stmt"/>
        <line num="18" count="2" type="stmt"/>
        <line num="35" count="9" type="stmt"/>
        <line num="43" count="9" type="cond" truecount="2" falsecount="0"/>
      </file>
      <file name="DataTableBody.tsx" path="/Users/evgenii/Desktop/dev/admin MVP/Admin-Dashboard-MVP/components/data-table/DataTableBody.tsx">
        <metrics statements="11" coveredstatements="11" conditionals="7" coveredconditionals="6" methods="5" coveredmethods="5"/>
        <line num="3" count="1" type="stmt"/>
        <line num="4" count="1" type="stmt"/>
        <line num="12" count="9" type="stmt"/>
        <line num="17" count="9" type="stmt"/>
        <line num="18" count="9" type="stmt"/>
        <line num="19" count="9" type="cond" truecount="1" falsecount="1"/>
        <line num="26" count="9" type="stmt"/>
        <line num="28" count="17" type="stmt"/>
        <line num="29" count="17" type="stmt"/>
        <line num="49" count="15" type="stmt"/>
        <line num="51" count="27" type="stmt"/>
      </file>
      <file name="DataTableToolbar.tsx" path="/Users/evgenii/Desktop/dev/admin MVP/Admin-Dashboard-MVP/components/data-table/DataTableToolbar.tsx">
        <metrics statements="5" coveredstatements="5" conditionals="2" coveredconditionals="1" methods="2" coveredmethods="2"/>
        <line num="5" count="1" type="stmt"/>
        <line num="6" count="1" type="stmt"/>
        <line num="16" count="9" type="stmt"/>
        <line num="23" count="9" type="stmt"/>
        <line num="24" count="3" type="stmt"/>
      </file>
      <file name="Pagination.tsx" path="/Users/evgenii/Desktop/dev/admin MVP/Admin-Dashboard-MVP/components/data-table/Pagination.tsx">
        <metrics statements="5" coveredstatements="2" conditionals="1" coveredconditionals="0" methods="5" coveredmethods="2"/>
        <line num="9" count="9" type="cond" truecount="0" falsecount="1"/>
        <line num="17" count="0" type="stmt"/>
        <line num="20" count="36" type="stmt"/>
        <line num="29" count="0" type="stmt"/>
        <line num="39" count="0" type="stmt"/>
      </file>
      <file name="useConfiguredTable.ts" path="/Users/evgenii/Desktop/dev/admin MVP/Admin-Dashboard-MVP/components/data-table/useConfiguredTable.ts">
        <metrics statements="34" coveredstatements="33" conditionals="25" coveredconditionals="20" methods="7" coveredmethods="7"/>
        <line num="3" count="2" type="stmt"/>
        <line num="14" count="2" type="stmt"/>
        <line num="35" count="12" type="stmt"/>
        <line num="42" count="12" type="stmt"/>
        <line num="43" count="12" type="stmt"/>
        <line num="45" count="12" type="stmt"/>
        <line num="46" count="5" type="cond" truecount="4" falsecount="0"/>
        <line num="47" count="2" type="stmt"/>
        <line num="49" count="3" type="cond" truecount="2" falsecount="0"/>
        <line num="50" count="2" type="stmt"/>
        <line num="52" count="1" type="stmt"/>
        <line num="55" count="12" type="stmt"/>
        <line num="56" count="5" type="cond" truecount="4" falsecount="0"/>
        <line num="57" count="1" type="stmt"/>
        <line num="59" count="4" type="cond" truecount="2" falsecount="0"/>
        <line num="60" count="2" type="stmt"/>
        <line num="62" count="2" type="stmt"/>
        <line num="65" count="12" type="stmt"/>
        <line num="66" count="5" type="stmt"/>
        <line num="67" count="20" type="cond" truecount="1" falsecount="1"/>
        <line num="68" count="20" type="cond" truecount="3" falsecount="1"/>
        <line num="69" count="0" type="cond" truecount="0" falsecount="2"/>
        <line num="73" count="20" type="stmt"/>
        <line num="74" count="20" type="stmt"/>
        <line num="75" count="24" type="stmt"/>
        <line num="76" count="24" type="cond" truecount="1" falsecount="1"/>
        <line num="77" count="24" type="stmt"/>
        <line num="82" count="12" type="stmt"/>
        <line num="101" count="12" type="cond" truecount="2" falsecount="0"/>
        <line num="102" count="12" type="stmt"/>
        <line num="103" count="12" type="stmt"/>
        <line num="105" count="12" type="stmt"/>
        <line num="106" count="4" type="stmt"/>
        <line num="109" count="12" type="stmt"/>
      </file>
    </package>
    <package name="components.examples.components">
      <metrics statements="23" coveredstatements="19" conditionals="33" coveredconditionals="18" methods="20" coveredmethods="17"/>
      <file name="AlertList.tsx" path="/Users/evgenii/Desktop/dev/admin MVP/Admin-Dashboard-MVP/components/examples/components/AlertList.tsx">
        <metrics statements="2" coveredstatements="2" conditionals="1" coveredconditionals="1" methods="2" coveredmethods="2"/>
        <line num="11" count="1" type="cond" truecount="1" falsecount="0"/>
        <line num="17" count="1" type="stmt"/>
      </file>
      <file name="AnimationsGrid.tsx" path="/Users/evgenii/Desktop/dev/admin MVP/Admin-Dashboard-MVP/components/examples/components/AnimationsGrid.tsx">
        <metrics statements="2" coveredstatements="2" conditionals="1" coveredconditionals="1" methods="2" coveredmethods="2"/>
        <line num="11" count="1" type="cond" truecount="1" falsecount="0"/>
        <line num="17" count="1" type="stmt"/>
      </file>
      <file name="ButtonsShowcase.tsx" path="/Users/evgenii/Desktop/dev/admin MVP/Admin-Dashboard-MVP/components/examples/components/ButtonsShowcase.tsx">
        <metrics statements="4" coveredstatements="2" conditionals="8" coveredconditionals="4" methods="4" coveredmethods="2"/>
        <line num="16" count="1" type="stmt"/>
        <line num="28" count="1" type="stmt"/>
        <line num="36" count="0" type="stmt"/>
        <line num="45" count="0" type="stmt"/>
      </file>
      <file name="CardsShowcase.tsx" path="/Users/evgenii/Desktop/dev/admin MVP/Admin-Dashboard-MVP/components/examples/components/CardsShowcase.tsx">
        <metrics statements="2" coveredstatements="2" conditionals="1" coveredconditionals="1" methods="2" coveredmethods="2"/>
        <line num="14" count="1" type="cond" truecount="1" falsecount="0"/>
        <line num="20" count="1" type="stmt"/>
      </file>
      <file name="FormShowcase.tsx" path="/Users/evgenii/Desktop/dev/admin MVP/Admin-Dashboard-MVP/components/examples/components/FormShowcase.tsx">
        <metrics statements="4" coveredstatements="4" conditionals="12" coveredconditionals="6" methods="4" coveredmethods="4"/>
        <line num="22" count="1" type="cond" truecount="1" falsecount="1"/>
        <line num="28" count="1" type="stmt"/>
        <line num="43" count="1" type="stmt"/>
        <line num="45" count="1" type="stmt"/>
      </file>
      <file name="StatusIndicators.tsx" path="/Users/evgenii/Desktop/dev/admin MVP/Admin-Dashboard-MVP/components/examples/components/StatusIndicators.tsx">
        <metrics statements="2" coveredstatements="2" conditionals="3" coveredconditionals="2" methods="2" coveredmethods="2"/>
        <line num="12" count="1" type="cond" truecount="1" falsecount="0"/>
        <line num="18" count="1" type="stmt"/>
      </file>
      <file name="TypographyShowcase.tsx" path="/Users/evgenii/Desktop/dev/admin MVP/Admin-Dashboard-MVP/components/examples/components/TypographyShowcase.tsx">
        <metrics statements="7" coveredstatements="5" conditionals="7" coveredconditionals="3" methods="4" coveredmethods="3"/>
        <line num="16" count="1" type="stmt"/>
        <line num="27" count="1" type="stmt"/>
        <line num="28" count="1" type="stmt"/>
        <line num="35" count="1" type="stmt"/>
        <line num="36" count="1" type="stmt"/>
        <line num="45" count="0" type="stmt"/>
        <line num="46" count="0" type="stmt"/>
      </file>
    </package>
    <package name="components.examples.settings">
      <metrics statements="10" coveredstatements="10" conditionals="22" coveredconditionals="22" methods="7" coveredmethods="7"/>
      <file name="ConnectedAccounts.tsx" path="/Users/evgenii/Desktop/dev/admin MVP/Admin-Dashboard-MVP/components/examples/settings/ConnectedAccounts.tsx">
        <metrics statements="2" coveredstatements="2" conditionals="9" coveredconditionals="9" methods="2" coveredmethods="2"/>
        <line num="16" count="1" type="cond" truecount="1" falsecount="0"/>
        <line num="22" count="2" type="stmt"/>
      </file>
      <file name="ProfileSection.tsx" path="/Users/evgenii/Desktop/dev/admin MVP/Admin-Dashboard-MVP/components/examples/settings/ProfileSection.tsx">
        <metrics statements="4" coveredstatements="4" conditionals="9" coveredconditionals="9" methods="2" coveredmethods="2"/>
        <line num="4" count="1" type="stmt"/>
        <line num="26" count="2" type="stmt"/>
        <line num="58" count="4" type="cond" truecount="2" falsecount="0"/>
        <line num="59" count="4" type="stmt"/>
      </file>
      <file name="SettingsSidebar.tsx" path="/Users/evgenii/Desktop/dev/admin MVP/Admin-Dashboard-MVP/components/examples/settings/SettingsSidebar.tsx">
        <metrics statements="4" coveredstatements="4" conditionals="4" coveredconditionals="4" methods="3" coveredmethods="3"/>
        <line num="17" count="2" type="stmt"/>
        <line num="21" count="4" type="cond" truecount="2" falsecount="0"/>
        <line num="22" count="4" type="stmt"/>
        <line num="27" count="1" type="stmt"/>
      </file>
    </package>
    <package name="components.ui">
      <metrics statements="24" coveredstatements="24" conditionals="14" coveredconditionals="14" methods="8" coveredmethods="8"/>
      <file name="Button.tsx" path="/Users/evgenii/Desktop/dev/admin MVP/Admin-Dashboard-MVP/components/ui/Button.tsx">
        <metrics statements="1" coveredstatements="1" conditionals="1" coveredconditionals="1" methods="1" coveredmethods="1"/>
        <line num="4" count="5" type="cond" truecount="1" falsecount="0"/>
      </file>
      <file name="Checkbox.tsx" path="/Users/evgenii/Desktop/dev/admin MVP/Admin-Dashboard-MVP/components/ui/Checkbox.tsx">
        <metrics statements="3" coveredstatements="3" conditionals="1" coveredconditionals="1" methods="0" coveredmethods="0"/>
        <line num="2" count="2" type="stmt"/>
        <line num="4" count="24" type="stmt"/>
        <line num="15" count="2" type="stmt"/>
      </file>
      <file name="Dialog.tsx" path="/Users/evgenii/Desktop/dev/admin MVP/Admin-Dashboard-MVP/components/ui/Dialog.tsx">
        <metrics statements="2" coveredstatements="2" conditionals="3" coveredconditionals="3" methods="1" coveredmethods="1"/>
        <line num="11" count="8" type="stmt"/>
        <line num="12" count="8" type="cond" truecount="2" falsecount="0"/>
      </file>
      <file name="DropdownMenu.tsx" path="/Users/evgenii/Desktop/dev/admin MVP/Admin-Dashboard-MVP/components/ui/DropdownMenu.tsx">
        <metrics statements="4" coveredstatements="4" conditionals="1" coveredconditionals="1" methods="3" coveredmethods="3"/>
        <line num="2" count="1" type="stmt"/>
        <line num="9" count="9" type="stmt"/>
        <line num="10" count="10" type="stmt"/>
        <line num="13" count="1" type="stmt"/>
      </file>
      <file name="Input.tsx" path="/Users/evgenii/Desktop/dev/admin MVP/Admin-Dashboard-MVP/components/ui/Input.tsx">
        <metrics statements="3" coveredstatements="3" conditionals="1" coveredconditionals="1" methods="0" coveredmethods="0"/>
        <line num="2" count="2" type="stmt"/>
        <line num="4" count="15" type="stmt"/>
        <line num="14" count="2" type="stmt"/>
      </file>
      <file name="Select.tsx" path="/Users/evgenii/Desktop/dev/admin MVP/Admin-Dashboard-MVP/components/ui/Select.tsx">
        <metrics statements="3" coveredstatements="3" conditionals="1" coveredconditionals="1" methods="0" coveredmethods="0"/>
        <line num="2" count="1" type="stmt"/>
        <line num="4" count="8" type="stmt"/>
        <line num="14" count="1" type="stmt"/>
      </file>
      <file name="Switch.tsx" path="/Users/evgenii/Desktop/dev/admin MVP/Admin-Dashboard-MVP/components/ui/Switch.tsx">
        <metrics statements="3" coveredstatements="3" conditionals="3" coveredconditionals="3" methods="0" coveredmethods="0"/>
        <line num="2" count="1" type="stmt"/>
        <line num="4" count="8" type="stmt"/>
        <line num="30" count="1" type="stmt"/>
      </file>
      <file name="Toggle.tsx" path="/Users/evgenii/Desktop/dev/admin MVP/Admin-Dashboard-MVP/components/ui/Toggle.tsx">
        <metrics statements="5" coveredstatements="5" conditionals="3" coveredconditionals="3" methods="3" coveredmethods="3"/>
        <line num="2" count="1" type="stmt"/>
        <line num="6" count="8" type="cond" truecount="1" falsecount="0"/>
        <line num="7" count="12" type="stmt"/>
        <line num="12" count="4" type="stmt"/>
        <line num="13" count="4" type="stmt"/>
      </file>
    </package>
    <package name="contexts">
      <metrics statements="38" coveredstatements="30" conditionals="14" coveredconditionals="8" methods="10" coveredmethods="9"/>
      <file name="LocaleProvider.tsx" path="/Users/evgenii/Desktop/dev/admin MVP/Admin-Dashboard-MVP/contexts/LocaleProvider.tsx">
        <metrics statements="38" coveredstatements="30" conditionals="14" coveredconditionals="8" methods="10" coveredmethods="9"/>
        <line num="3" count="1" type="stmt"/>
        <line num="4" count="1" type="stmt"/>
        <line num="6" count="1" type="stmt"/>
        <line num="7" count="1" type="stmt"/>
        <line num="8" count="1" type="stmt"/>
        <line num="10" count="1" type="stmt"/>
        <line num="11" count="6" type="cond" truecount="2" falsecount="0"/>
        <line num="13" count="1" type="stmt"/>
        <line num="14" count="6" type="cond" truecount="1" falsecount="1"/>
        <line num="15" count="0" type="stmt"/>
        <line num="18" count="6" type="stmt"/>
        <line num="19" count="6" type="cond" truecount="2" falsecount="0"/>
        <line num="20" count="5" type="stmt"/>
        <line num="23" count="1" type="stmt"/>
        <line num="24" count="1" type="cond" truecount="1" falsecount="1"/>
        <line num="25" count="0" type="stmt"/>
        <line num="26" count="0" type="stmt"/>
        <line num="27" count="0" type="cond" truecount="0" falsecount="2"/>
        <line num="28" count="0" type="stmt"/>
        <line num="35" count="1" type="stmt"/>
        <line num="44" count="1" type="stmt"/>
        <line num="46" count="6" type="stmt"/>
        <line num="47" count="6" type="stmt"/>
        <line num="48" count="6" type="stmt"/>
        <line num="50" count="11" type="stmt"/>
        <line num="52" count="6" type="stmt"/>
        <line num="53" count="0" type="stmt"/>
        <line num="56" count="6" type="stmt"/>
        <line num="57" count="6" type="cond" truecount="1" falsecount="1"/>
        <line num="58" count="0" type="stmt"/>
        <line num="60" count="6" type="stmt"/>
        <line num="61" count="6" type="stmt"/>
        <line num="64" count="6" type="stmt"/>
        <line num="69" count="14" type="stmt"/>
        <line num="70" count="14" type="stmt"/>
        <line num="71" count="14" type="cond" truecount="1" falsecount="1"/>
        <line num="72" count="0" type="stmt"/>
        <line num="74" count="14" type="stmt"/>
      </file>
    </package>
    <package name="lib">
      <metrics statements="46" coveredstatements="44" conditionals="25" coveredconditionals="18" methods="8" coveredmethods="8"/>
      <file name="fetcher.ts" path="/Users/evgenii/Desktop/dev/admin MVP/Admin-Dashboard-MVP/lib/fetcher.ts">
        <metrics statements="9" coveredstatements="9" conditionals="2" coveredconditionals="2" methods="2" coveredmethods="2"/>
        <line num="1" count="1" type="stmt"/>
        <line num="3" count="2" type="stmt"/>
        <line num="4" count="2" type="stmt"/>
        <line num="8" count="3" type="stmt"/>
        <line num="9" count="3" type="stmt"/>
        <line num="10" count="3" type="cond" truecount="2" falsecount="0"/>
        <line num="11" count="2" type="stmt"/>
        <line num="15" count="2" type="stmt"/>
        <line num="17" count="1" type="stmt"/>
      </file>
      <file name="i18n.ts" path="/Users/evgenii/Desktop/dev/admin MVP/Admin-Dashboard-MVP/lib/i18n.ts">
        <metrics statements="19" coveredstatements="17" conditionals="13" coveredconditionals="6" methods="2" coveredmethods="2"/>
        <line num="1" count="1" type="stmt"/>
        <line num="2" count="1" type="stmt"/>
        <line num="3" count="1" type="stmt"/>
        <line num="4" count="1" type="stmt"/>
        <line num="6" count="5" type="stmt"/>
        <line num="8" count="1" type="stmt"/>
        <line num="10" count="1" type="stmt"/>
        <line num="17" count="6" type="stmt"/>
        <line num="18" count="6" type="cond" truecount="1" falsecount="1"/>
        <line num="21" count="11" type="stmt"/>
        <line num="22" count="11" type="stmt"/>
        <line num="23" count="11" type="stmt"/>
        <line num="24" count="11" type="stmt"/>
        <line num="25" count="33" type="cond" truecount="4" falsecount="1"/>
        <line num="26" count="33" type="stmt"/>
        <line num="28" count="0" type="cond" truecount="0" falsecount="2"/>
        <line num="32" count="11" type="cond" truecount="1" falsecount="1"/>
        <line num="33" count="11" type="stmt"/>
        <line num="36" count="0" type="cond" truecount="0" falsecount="2"/>
      </file>
      <file name="validators.ts" path="/Users/evgenii/Desktop/dev/admin MVP/Admin-Dashboard-MVP/lib/validators.ts">
        <metrics statements="18" coveredstatements="18" conditionals="10" coveredconditionals="10" methods="4" coveredmethods="4"/>
        <line num="1" count="1" type="stmt"/>
        <line num="4" count="1" type="stmt"/>
        <line num="5" count="1" type="stmt"/>
        <line num="6" count="1" type="stmt"/>
        <line num="8" count="1" type="stmt"/>
        <line num="16" count="5" type="stmt"/>
        <line num="45" count="5" type="stmt"/>
        <line num="46" count="5" type="stmt"/>
        <line num="66" count="5" type="stmt"/>
        <line num="79" count="5" type="stmt"/>
        <line num="87" count="5" type="stmt"/>
        <line num="88" count="5" type="stmt"/>
        <line num="89" count="5" type="cond" truecount="2" falsecount="0"/>
        <line num="90" count="5" type="cond" truecount="2" falsecount="0"/>
        <line num="91" count="5" type="cond" truecount="2" falsecount="0"/>
        <line num="92" count="5" type="cond" truecount="2" falsecount="0"/>
        <line num="93" count="5" type="cond" truecount="2" falsecount="0"/>
        <line num="94" count="5" type="stmt"/>
      </file>
    </package>
    <package name="locales">
      <metrics statements="8" coveredstatements="8" conditionals="0" coveredconditionals="0" methods="0" coveredmethods="0"/>
      <file name="en.ts" path="/Users/evgenii/Desktop/dev/admin MVP/Admin-Dashboard-MVP/locales/en.ts">
        <metrics statements="2" coveredstatements="2" conditionals="0" coveredconditionals="0" methods="0" coveredmethods="0"/>
        <line num="1" count="1" type="stmt"/>
        <line num="19" count="1" type="stmt"/>
      </file>
      <file name="es.ts" path="/Users/evgenii/Desktop/dev/admin MVP/Admin-Dashboard-MVP/locales/es.ts">
        <metrics statements="2" coveredstatements="2" conditionals="0" coveredconditionals="0" methods="0" coveredmethods="0"/>
        <line num="1" count="1" type="stmt"/>
        <line num="19" count="1" type="stmt"/>
      </file>
      <file name="fr.ts" path="/Users/evgenii/Desktop/dev/admin MVP/Admin-Dashboard-MVP/locales/fr.ts">
        <metrics statements="2" coveredstatements="2" conditionals="0" coveredconditionals="0" methods="0" coveredmethods="0"/>
        <line num="1" count="1" type="stmt"/>
        <line num="19" count="1" type="stmt"/>
      </file>
      <file name="ru.ts" path="/Users/evgenii/Desktop/dev/admin MVP/Admin-Dashboard-MVP/locales/ru.ts">
        <metrics statements="2" coveredstatements="2" conditionals="0" coveredconditionals="0" methods="0" coveredmethods="0"/>
        <line num="1" count="1" type="stmt"/>
        <line num="19" count="1" type="stmt"/>
      </file>
    </package>
    <package name="mocks">
      <metrics statements="20" coveredstatements="20" conditionals="0" coveredconditionals="0" methods="7" coveredmethods="7"/>
      <file name="handlers.ts" path="/Users/evgenii/Desktop/dev/admin MVP/Admin-Dashboard-MVP/mocks/handlers.ts">
        <metrics statements="17" coveredstatements="17" conditionals="0" coveredconditionals="0" methods="7" coveredmethods="7"/>
        <line num="1" count="1" type="stmt"/>
        <line num="2" count="1" type="stmt"/>
        <line num="3" count="1" type="stmt"/>
        <line num="13" count="6" type="stmt"/>
        <line num="15" count="1" type="stmt"/>
        <line num="17" count="1" type="stmt"/>
        <line num="19" count="6" type="stmt"/>
        <line num="21" count="2" type="stmt"/>
        <line num="24" count="1" type="stmt"/>
        <line num="25" count="1" type="stmt"/>
        <line num="30" count="1" type="stmt"/>
        <line num="32" count="1" type="stmt"/>
        <line num="35" count="1" type="stmt"/>
        <line num="38" count="1" type="stmt"/>
        <line num="39" count="1" type="stmt"/>
        <line num="43" count="4" type="stmt"/>
        <line num="44" count="4" type="stmt"/>
      </file>
      <file name="server.ts" path="/Users/evgenii/Desktop/dev/admin MVP/Admin-Dashboard-MVP/mocks/server.ts">
        <metrics statements="3" coveredstatements="3" conditionals="0" coveredconditionals="0" methods="0" coveredmethods="0"/>
        <line num="1" count="19" type="stmt"/>
        <line num="2" count="1" type="stmt"/>
        <line num="4" count="1" type="stmt"/>
      </file>
    </package>
  </project>
</coverage>
