{"/Users/evgenii/Desktop/dev/admin MVP/Admin-Dashboard-MVP/components/common/AvatarMenu.tsx": {"path":"/Users/evgenii/Desktop/dev/admin MVP/Admin-Dashboard-MVP/components/common/AvatarMenu.tsx","statementMap":{"0":{"start":{"line":6,"column":24},"end":{"line":6,"column":null}},"1":{"start":{"line":2,"column":25},"end":{"line":2,"column":null}},"2":{"start":{"line":3,"column":17},"end":{"line":3,"column":null}},"3":{"start":{"line":4,"column":26},"end":{"line":4,"column":null}},"4":{"start":{"line":7,"column":26},"end":{"line":7,"column":null}},"5":{"start":{"line":8,"column":16},"end":{"line":8,"column":null}},"6":{"start":{"line":13,"column":23},"end":{"line":13,"column":null}},"7":{"start":{"line":13,"column":38},"end":{"line":13,"column":null}},"8":{"start":{"line":21,"column":27},"end":{"line":21,"column":null}},"9":{"start":{"line":28,"column":14},"end":{"line":28,"column":null}},"10":{"start":{"line":29,"column":14},"end":{"line":29,"column":null}}},"fnMap":{"0":{"name":"AvatarMenu","decl":{"start":{"line":6,"column":24},"end":{"line":6,"column":null}},"loc":{"start":{"line":6,"column":24},"end":{"line":38,"column":null}}},"1":{"name":"(anonymous_3)","decl":{"start":{"line":13,"column":17},"end":{"line":13,"column":23}},"loc":{"start":{"line":13,"column":23},"end":{"line":13,"column":null}}},"2":{"name":"(anonymous_4)","decl":{"start":{"line":13,"column":31},"end":{"line":13,"column":32}},"loc":{"start":{"line":13,"column":38},"end":{"line":13,"column":null}}},"3":{"name":"(anonymous_5)","decl":{"start":{"line":21,"column":21},"end":{"line":21,"column":27}},"loc":{"start":{"line":21,"column":27},"end":{"line":21,"column":null}}},"4":{"name":"(anonymous_6)","decl":{"start":{"line":27,"column":21},"end":{"line":27,"column":null}},"loc":{"start":{"line":27,"column":21},"end":{"line":30,"column":null}}}},"branchMap":{"0":{"loc":{"start":{"line":16,"column":7},"end":{"line":16,"column":null}},"type":"binary-expr","locations":[{"start":{"line":16,"column":7},"end":{"line":16,"column":null}}]}},"s":{"0":6,"1":1,"2":1,"3":1,"4":14,"5":14,"6":6,"7":6,"8":1,"9":1,"10":1},"f":{"0":14,"1":6,"2":6,"3":1,"4":1},"b":{"0":[14]}}
,"/Users/evgenii/Desktop/dev/admin MVP/Admin-Dashboard-MVP/components/common/ConfirmModal.tsx": {"path":"/Users/evgenii/Desktop/dev/admin MVP/Admin-Dashboard-MVP/components/common/ConfirmModal.tsx","statementMap":{"0":{"start":{"line":11,"column":24},"end":{"line":11,"column":37}},"1":{"start":{"line":12,"column":2},"end":{"line":12,"column":null}},"2":{"start":{"line":12,"column":13},"end":{"line":12,"column":null}}},"fnMap":{"0":{"name":"ConfirmModal","decl":{"start":{"line":11,"column":24},"end":{"line":11,"column":37}},"loc":{"start":{"line":11,"column":93},"end":{"line":29,"column":null}}}},"branchMap":{"0":{"loc":{"start":{"line":12,"column":2},"end":{"line":12,"column":null}},"type":"if","locations":[{"start":{"line":12,"column":2},"end":{"line":12,"column":null}},{"start":{},"end":{}}]},"1":{"loc":{"start":{"line":17,"column":9},"end":{"line":17,"column":24}},"type":"binary-expr","locations":[{"start":{"line":17,"column":9},"end":{"line":17,"column":24}}]}},"s":{"0":6,"1":6,"2":1},"f":{"0":6},"b":{"0":[1,5],"1":[5]}}
,"/Users/evgenii/Desktop/dev/admin MVP/Admin-Dashboard-MVP/components/common/EmptyState.tsx": {"path":"/Users/evgenii/Desktop/dev/admin MVP/Admin-Dashboard-MVP/components/common/EmptyState.tsx","statementMap":{"0":{"start":{"line":1,"column":24},"end":{"line":1,"column":35}}},"fnMap":{"0":{"name":"EmptyState","decl":{"start":{"line":1,"column":24},"end":{"line":1,"column":35}},"loc":{"start":{"line":1,"column":127},"end":{"line":8,"column":null}}}},"branchMap":{"0":{"loc":{"start":{"line":1,"column":37},"end":{"line":1,"column":57}},"type":"default-arg","locations":[{"start":{"line":1,"column":45},"end":{"line":1,"column":57}}]},"1":{"loc":{"start":{"line":1,"column":59},"end":{"line":1,"column":87}},"type":"default-arg","locations":[{"start":{"line":1,"column":69},"end":{"line":1,"column":87}}]}},"s":{"0":0},"f":{"0":0},"b":{"0":[0],"1":[0]}}
,"/Users/evgenii/Desktop/dev/admin MVP/Admin-Dashboard-MVP/components/data-table/ColumnVisibilityMenu.tsx": {"path":"/Users/evgenii/Desktop/dev/admin MVP/Admin-Dashboard-MVP/components/data-table/ColumnVisibilityMenu.tsx","statementMap":{"0":{"start":{"line":12,"column":24},"end":{"line":12,"column":52}},"1":{"start":{"line":4,"column":29},"end":{"line":4,"column":null}},"2":{"start":{"line":5,"column":25},"end":{"line":5,"column":null}},"3":{"start":{"line":13,"column":18},"end":{"line":13,"column":null}},"4":{"start":{"line":15,"column":2},"end":{"line":17,"column":null}},"5":{"start":{"line":16,"column":4},"end":{"line":16,"column":null}},"6":{"start":{"line":29,"column":10},"end":{"line":31,"column":null}},"7":{"start":{"line":30,"column":12},"end":{"line":30,"column":null}},"8":{"start":{"line":33,"column":10},"end":{"line":34,"column":35}},"9":{"start":{"line":37,"column":37},"end":{"line":37,"column":null}}},"fnMap":{"0":{"name":"ColumnVisibilityMenu","decl":{"start":{"line":12,"column":24},"end":{"line":12,"column":52}},"loc":{"start":{"line":12,"column":114},"end":{"line":46,"column":null}}},"1":{"name":"(anonymous_2)","decl":{"start":{"line":28,"column":21},"end":{"line":28,"column":22}},"loc":{"start":{"line":28,"column":22},"end":{"line":42,"column":null}}},"2":{"name":"(anonymous_3)","decl":{"start":{"line":37,"column":26},"end":{"line":37,"column":27}},"loc":{"start":{"line":37,"column":37},"end":{"line":37,"column":null}}}},"branchMap":{"0":{"loc":{"start":{"line":12,"column":61},"end":{"line":12,"column":78}},"type":"default-arg","locations":[{"start":{"line":12,"column":69},"end":{"line":12,"column":78}}]},"1":{"loc":{"start":{"line":15,"column":2},"end":{"line":17,"column":null}},"type":"if","locations":[{"start":{"line":15,"column":2},"end":{"line":17,"column":null}},{"start":{},"end":{}}]},"2":{"loc":{"start":{"line":29,"column":10},"end":{"line":31,"column":null}},"type":"if","locations":[{"start":{"line":29,"column":10},"end":{"line":31,"column":null}},{"start":{},"end":{}}]},"3":{"loc":{"start":{"line":39,"column":28},"end":{"line":39,"column":64}},"type":"binary-expr","locations":[{"start":{"line":39,"column":28},"end":{"line":39,"column":51}},{"start":{"line":39,"column":55},"end":{"line":39,"column":64}}]}},"s":{"0":9,"1":1,"2":1,"3":9,"4":9,"5":0,"6":18,"7":0,"8":18,"9":1},"f":{"0":9,"1":18,"2":1},"b":{"0":[9],"1":[0,9],"2":[0,18],"3":[18,0]}}
,"/Users/evgenii/Desktop/dev/admin MVP/Admin-Dashboard-MVP/components/data-table/DataTable.tsx": {"path":"/Users/evgenii/Desktop/dev/admin MVP/Admin-Dashboard-MVP/components/data-table/DataTable.tsx","statementMap":{"0":{"start":{"line":18,"column":24},"end":{"line":18,"column":41}},"1":{"start":{"line":4,"column":23},"end":{"line":4,"column":null}},"2":{"start":{"line":5,"column":29},"end":{"line":5,"column":null}},"3":{"start":{"line":6,"column":26},"end":{"line":6,"column":null}},"4":{"start":{"line":7,"column":35},"end":{"line":7,"column":null}},"5":{"start":{"line":35,"column":6},"end":{"line":41,"column":null}},"6":{"start":{"line":43,"column":21},"end":{"line":43,"column":null}}},"fnMap":{"0":{"name":"DataTable","decl":{"start":{"line":18,"column":24},"end":{"line":18,"column":41}},"loc":{"start":{"line":25,"column":24},"end":{"line":78,"column":null}}}},"branchMap":{"0":{"loc":{"start":{"line":23,"column":2},"end":{"line":23,"column":22}},"type":"default-arg","locations":[{"start":{"line":23,"column":20},"end":{"line":23,"column":22}}]},"1":{"loc":{"start":{"line":24,"column":2},"end":{"line":24,"column":null}},"type":"default-arg","locations":[{"start":{"line":24,"column":20},"end":{"line":24,"column":null}}]},"2":{"loc":{"start":{"line":43,"column":29},"end":{"line":43,"column":null}},"type":"binary-expr","locations":[{"start":{"line":43,"column":29},"end":{"line":43,"column":52}},{"start":{"line":43,"column":52},"end":{"line":43,"column":null}}]},"3":{"loc":{"start":{"line":47,"column":7},"end":{"line":47,"column":null}},"type":"binary-expr","locations":[{"start":{"line":47,"column":7},"end":{"line":47,"column":null}}]},"4":{"loc":{"start":{"line":61,"column":11},"end":{"line":61,"column":null}},"type":"cond-expr","locations":[{"start":{"line":61,"column":30},"end":{"line":61,"column":113}},{"start":{"line":61,"column":113},"end":{"line":61,"column":null}}]},"5":{"loc":{"start":{"line":65,"column":11},"end":{"line":70,"column":null}},"type":"cond-expr","locations":[{"start":{"line":66,"column":14},"end":{"line":68,"column":null}},{"start":{"line":70,"column":14},"end":{"line":70,"column":null}}]}},"s":{"0":2,"1":1,"2":1,"3":1,"4":1,"5":9,"6":9},"f":{"0":9},"b":{"0":[2],"1":[9],"2":[9,9],"3":[9],"4":[9,0],"5":[9,0]}}
,"/Users/evgenii/Desktop/dev/admin MVP/Admin-Dashboard-MVP/components/data-table/DataTableBody.tsx": {"path":"/Users/evgenii/Desktop/dev/admin MVP/Admin-Dashboard-MVP/components/data-table/DataTableBody.tsx","statementMap":{"0":{"start":{"line":12,"column":24},"end":{"line":12,"column":45}},"1":{"start":{"line":3,"column":34},"end":{"line":3,"column":null}},"2":{"start":{"line":4,"column":23},"end":{"line":4,"column":null}},"3":{"start":{"line":17,"column":19},"end":{"line":17,"column":null}},"4":{"start":{"line":18,"column":18},"end":{"line":18,"column":null}},"5":{"start":{"line":19,"column":18},"end":{"line":19,"column":null}},"6":{"start":{"line":26,"column":12},"end":{"line":26,"column":null}},"7":{"start":{"line":28,"column":32},"end":{"line":28,"column":null}},"8":{"start":{"line":29,"column":16},"end":{"line":31,"column":null}},"9":{"start":{"line":49,"column":14},"end":{"line":49,"column":31}},"10":{"start":{"line":51,"column":18},"end":{"line":51,"column":36}}},"fnMap":{"0":{"name":"DataTableBody","decl":{"start":{"line":12,"column":24},"end":{"line":12,"column":45}},"loc":{"start":{"line":16,"column":28},"end":{"line":68,"column":null}}},"1":{"name":"(anonymous_3)","decl":{"start":{"line":25,"column":39},"end":{"line":25,"column":40}},"loc":{"start":{"line":26,"column":12},"end":{"line":26,"column":null}}},"2":{"name":"(anonymous_4)","decl":{"start":{"line":27,"column":39},"end":{"line":27,"column":40}},"loc":{"start":{"line":27,"column":40},"end":{"line":42,"column":null}}},"3":{"name":"(anonymous_5)","decl":{"start":{"line":48,"column":30},"end":{"line":48,"column":31}},"loc":{"start":{"line":49,"column":14},"end":{"line":49,"column":31}}},"4":{"name":"(anonymous_6)","decl":{"start":{"line":50,"column":43},"end":{"line":50,"column":44}},"loc":{"start":{"line":51,"column":18},"end":{"line":51,"column":36}}}},"branchMap":{"0":{"loc":{"start":{"line":14,"column":2},"end":{"line":14,"column":32}},"type":"default-arg","locations":[{"start":{"line":14,"column":20},"end":{"line":14,"column":32}}]},"1":{"loc":{"start":{"line":15,"column":2},"end":{"line":15,"column":58}},"type":"default-arg","locations":[{"start":{"line":15,"column":22},"end":{"line":15,"column":58}}]},"2":{"loc":{"start":{"line":19,"column":18},"end":{"line":19,"column":null}},"type":"binary-expr","locations":[{"start":{"line":19,"column":18},"end":{"line":19,"column":54}},{"start":{"line":19,"column":58},"end":{"line":19,"column":null}}]},"3":{"loc":{"start":{"line":37,"column":23},"end":{"line":37,"column":44}},"type":"binary-expr","locations":[{"start":{"line":37,"column":23},"end":{"line":37,"column":44}}]},"4":{"loc":{"start":{"line":38,"column":23},"end":{"line":38,"column":45}},"type":"binary-expr","locations":[{"start":{"line":38,"column":23},"end":{"line":38,"column":45}}]},"5":{"loc":{"start":{"line":48,"column":12},"end":{"line":49,"column":31}},"type":"cond-expr","locations":[{"start":{"line":48,"column":12},"end":{"line":49,"column":31}}]}},"s":{"0":9,"1":1,"2":1,"3":9,"4":9,"5":9,"6":9,"7":17,"8":17,"9":15,"10":27},"f":{"0":9,"1":9,"2":17,"3":15,"4":27},"b":{"0":[9],"1":[9],"2":[9,0],"3":[17],"4":[17],"5":[9]}}
,"/Users/evgenii/Desktop/dev/admin MVP/Admin-Dashboard-MVP/components/data-table/DataTableToolbar.tsx": {"path":"/Users/evgenii/Desktop/dev/admin MVP/Admin-Dashboard-MVP/components/data-table/DataTableToolbar.tsx","statementMap":{"0":{"start":{"line":16,"column":24},"end":{"line":16,"column":48}},"1":{"start":{"line":5,"column":22},"end":{"line":5,"column":null}},"2":{"start":{"line":6,"column":33},"end":{"line":6,"column":null}},"3":{"start":{"line":23,"column":28},"end":{"line":25,"column":null}},"4":{"start":{"line":24,"column":4},"end":{"line":24,"column":null}}},"fnMap":{"0":{"name":"DataTableToolbar","decl":{"start":{"line":16,"column":24},"end":{"line":16,"column":48}},"loc":{"start":{"line":22,"column":31},"end":{"line":43,"column":null}}},"1":{"name":"(anonymous_3)","decl":{"start":{"line":23,"column":28},"end":{"line":23,"column":29}},"loc":{"start":{"line":23,"column":29},"end":{"line":25,"column":null}}}},"branchMap":{"0":{"loc":{"start":{"line":29,"column":7},"end":{"line":38,"column":null}},"type":"cond-expr","locations":[{"start":{"line":30,"column":8},"end":{"line":38,"column":9}},{"start":{"line":38,"column":8},"end":{"line":38,"column":null}}]}},"s":{"0":9,"1":1,"2":1,"3":9,"4":3},"f":{"0":9,"1":3},"b":{"0":[9,0]}}
,"/Users/evgenii/Desktop/dev/admin MVP/Admin-Dashboard-MVP/components/data-table/Pagination.tsx": {"path":"/Users/evgenii/Desktop/dev/admin MVP/Admin-Dashboard-MVP/components/data-table/Pagination.tsx","statementMap":{"0":{"start":{"line":9,"column":24},"end":{"line":9,"column":38}},"1":{"start":{"line":17,"column":31},"end":{"line":17,"column":null}},"2":{"start":{"line":20,"column":12},"end":{"line":20,"column":31}},"3":{"start":{"line":29,"column":25},"end":{"line":29,"column":null}},"4":{"start":{"line":39,"column":25},"end":{"line":39,"column":null}}},"fnMap":{"0":{"name":"Pagination","decl":{"start":{"line":9,"column":24},"end":{"line":9,"column":38}},"loc":{"start":{"line":9,"column":102},"end":{"line":47,"column":null}}},"1":{"name":"(anonymous_2)","decl":{"start":{"line":17,"column":20},"end":{"line":17,"column":21}},"loc":{"start":{"line":17,"column":31},"end":{"line":17,"column":null}}},"2":{"name":"(anonymous_3)","decl":{"start":{"line":19,"column":31},"end":{"line":19,"column":32}},"loc":{"start":{"line":20,"column":12},"end":{"line":20,"column":31}}},"3":{"name":"(anonymous_4)","decl":{"start":{"line":29,"column":19},"end":{"line":29,"column":25}},"loc":{"start":{"line":29,"column":25},"end":{"line":29,"column":null}}},"4":{"name":"(anonymous_5)","decl":{"start":{"line":39,"column":19},"end":{"line":39,"column":25}},"loc":{"start":{"line":39,"column":25},"end":{"line":39,"column":null}}}},"branchMap":{"0":{"loc":{"start":{"line":9,"column":47},"end":{"line":9,"column":102}},"type":"default-arg","locations":[{"start":{"line":9,"column":65},"end":{"line":9,"column":102}}]}},"s":{"0":9,"1":0,"2":36,"3":0,"4":0},"f":{"0":9,"1":0,"2":36,"3":0,"4":0},"b":{"0":[0]}}
,"/Users/evgenii/Desktop/dev/admin MVP/Admin-Dashboard-MVP/components/data-table/useConfiguredTable.ts": {"path":"/Users/evgenii/Desktop/dev/admin MVP/Admin-Dashboard-MVP/components/data-table/useConfiguredTable.ts","statementMap":{"0":{"start":{"line":35,"column":16},"end":{"line":35,"column":42}},"1":{"start":{"line":3,"column":47},"end":{"line":3,"column":null}},"2":{"start":{"line":14,"column":7},"end":{"line":14,"column":null}},"3":{"start":{"line":42,"column":30},"end":{"line":42,"column":null}},"4":{"start":{"line":43,"column":50},"end":{"line":43,"column":null}},"5":{"start":{"line":45,"column":30},"end":{"line":53,"column":null}},"6":{"start":{"line":46,"column":4},"end":{"line":48,"column":null}},"7":{"start":{"line":47,"column":6},"end":{"line":47,"column":null}},"8":{"start":{"line":49,"column":4},"end":{"line":51,"column":null}},"9":{"start":{"line":50,"column":6},"end":{"line":50,"column":null}},"10":{"start":{"line":52,"column":4},"end":{"line":52,"column":null}},"11":{"start":{"line":55,"column":28},"end":{"line":63,"column":null}},"12":{"start":{"line":56,"column":4},"end":{"line":58,"column":null}},"13":{"start":{"line":57,"column":6},"end":{"line":57,"column":null}},"14":{"start":{"line":59,"column":4},"end":{"line":61,"column":null}},"15":{"start":{"line":60,"column":6},"end":{"line":60,"column":null}},"16":{"start":{"line":62,"column":4},"end":{"line":62,"column":null}},"17":{"start":{"line":65,"column":42},"end":{"line":80,"column":null}},"18":{"start":{"line":66,"column":4},"end":{"line":79,"column":null}},"19":{"start":{"line":67,"column":6},"end":{"line":67,"column":null}},"20":{"start":{"line":67,"column":18},"end":{"line":67,"column":null}},"21":{"start":{"line":68,"column":6},"end":{"line":72,"column":null}},"22":{"start":{"line":69,"column":8},"end":{"line":71,"column":null}},"23":{"start":{"line":73,"column":26},"end":{"line":73,"column":null}},"24":{"start":{"line":74,"column":6},"end":{"line":78,"column":null}},"25":{"start":{"line":75,"column":26},"end":{"line":75,"column":72}},"26":{"start":{"line":76,"column":8},"end":{"line":76,"column":null}},"27":{"start":{"line":76,"column":31},"end":{"line":76,"column":null}},"28":{"start":{"line":77,"column":8},"end":{"line":77,"column":null}},"29":{"start":{"line":82,"column":16},"end":{"line":99,"column":null}},"30":{"start":{"line":101,"column":21},"end":{"line":101,"column":null}},"31":{"start":{"line":102,"column":27},"end":{"line":102,"column":66}},"32":{"start":{"line":103,"column":24},"end":{"line":103,"column":66}},"33":{"start":{"line":105,"column":29},"end":{"line":107,"column":null}},"34":{"start":{"line":106,"column":4},"end":{"line":106,"column":null}},"35":{"start":{"line":109,"column":2},"end":{"line":118,"column":null}}},"fnMap":{"0":{"name":"useConfiguredTable","decl":{"start":{"line":35,"column":16},"end":{"line":35,"column":42}},"loc":{"start":{"line":41,"column":33},"end":{"line":119,"column":null}}},"1":{"name":"(anonymous_2)","decl":{"start":{"line":45,"column":38},"end":{"line":45,"column":null}},"loc":{"start":{"line":45,"column":38},"end":{"line":53,"column":5}}},"2":{"name":"(anonymous_3)","decl":{"start":{"line":55,"column":36},"end":{"line":55,"column":null}},"loc":{"start":{"line":55,"column":36},"end":{"line":63,"column":5}}},"3":{"name":"(anonymous_4)","decl":{"start":{"line":65,"column":50},"end":{"line":65,"column":null}},"loc":{"start":{"line":65,"column":50},"end":{"line":80,"column":5}}},"4":{"name":"(anonymous_5)","decl":{"start":{"line":66,"column":11},"end":{"line":66,"column":12}},"loc":{"start":{"line":66,"column":28},"end":{"line":79,"column":null}}},"5":{"name":"(anonymous_6)","decl":{"start":{"line":74,"column":38},"end":{"line":74,"column":39}},"loc":{"start":{"line":74,"column":39},"end":{"line":78,"column":null}}},"6":{"name":"(anonymous_7)","decl":{"start":{"line":105,"column":41},"end":{"line":105,"column":42}},"loc":{"start":{"line":105,"column":42},"end":{"line":107,"column":5}}}},"branchMap":{"0":{"loc":{"start":{"line":40,"column":2},"end":{"line":40,"column":22}},"type":"default-arg","locations":[{"start":{"line":40,"column":20},"end":{"line":40,"column":22}}]},"1":{"loc":{"start":{"line":46,"column":4},"end":{"line":48,"column":null}},"type":"if","locations":[{"start":{"line":46,"column":4},"end":{"line":48,"column":null}},{"start":{},"end":{}}]},"2":{"loc":{"start":{"line":46,"column":8},"end":{"line":46,"column":45}},"type":"binary-expr","locations":[{"start":{"line":46,"column":8},"end":{"line":46,"column":22}},{"start":{"line":46,"column":22},"end":{"line":46,"column":45}}]},"3":{"loc":{"start":{"line":49,"column":4},"end":{"line":51,"column":null}},"type":"if","locations":[{"start":{"line":49,"column":4},"end":{"line":51,"column":null}},{"start":{},"end":{}}]},"4":{"loc":{"start":{"line":56,"column":4},"end":{"line":58,"column":null}},"type":"if","locations":[{"start":{"line":56,"column":4},"end":{"line":58,"column":null}},{"start":{},"end":{}}]},"5":{"loc":{"start":{"line":56,"column":8},"end":{"line":56,"column":66}},"type":"binary-expr","locations":[{"start":{"line":56,"column":8},"end":{"line":56,"column":32}},{"start":{"line":56,"column":32},"end":{"line":56,"column":66}}]},"6":{"loc":{"start":{"line":59,"column":4},"end":{"line":61,"column":null}},"type":"if","locations":[{"start":{"line":59,"column":4},"end":{"line":61,"column":null}},{"start":{},"end":{}}]},"7":{"loc":{"start":{"line":67,"column":6},"end":{"line":67,"column":null}},"type":"if","locations":[{"start":{"line":67,"column":6},"end":{"line":67,"column":null}},{"start":{},"end":{}}]},"8":{"loc":{"start":{"line":68,"column":6},"end":{"line":72,"column":null}},"type":"if","locations":[{"start":{"line":68,"column":6},"end":{"line":72,"column":null}},{"start":{},"end":{}}]},"9":{"loc":{"start":{"line":68,"column":10},"end":{"line":68,"column":68}},"type":"binary-expr","locations":[{"start":{"line":68,"column":10},"end":{"line":68,"column":34}},{"start":{"line":68,"column":34},"end":{"line":68,"column":68}}]},"10":{"loc":{"start":{"line":69,"column":22},"end":{"line":69,"column":null}},"type":"binary-expr","locations":[{"start":{"line":69,"column":22},"end":{"line":69,"column":34}},{"start":{"line":69,"column":38},"end":{"line":69,"column":null}}]},"11":{"loc":{"start":{"line":76,"column":8},"end":{"line":76,"column":null}},"type":"if","locations":[{"start":{"line":76,"column":8},"end":{"line":76,"column":null}},{"start":{},"end":{}}]},"12":{"loc":{"start":{"line":101,"column":21},"end":{"line":101,"column":null}},"type":"binary-expr","locations":[{"start":{"line":101,"column":21},"end":{"line":101,"column":53}},{"start":{"line":101,"column":53},"end":{"line":101,"column":null}}]}},"s":{"0":12,"1":2,"2":2,"3":12,"4":12,"5":12,"6":5,"7":2,"8":3,"9":2,"10":1,"11":12,"12":5,"13":1,"14":4,"15":2,"16":2,"17":12,"18":5,"19":20,"20":0,"21":20,"22":0,"23":20,"24":20,"25":24,"26":24,"27":0,"28":24,"29":12,"30":12,"31":12,"32":12,"33":12,"34":4,"35":12},"f":{"0":12,"1":5,"2":5,"3":5,"4":20,"5":24,"6":4},"b":{"0":[1],"1":[2,3],"2":[5,2],"3":[2,1],"4":[1,4],"5":[5,4],"6":[2,2],"7":[0,20],"8":[0,20],"9":[20,20],"10":[0,0],"11":[0,24],"12":[12,1]}}
,"/Users/evgenii/Desktop/dev/admin MVP/Admin-Dashboard-MVP/components/examples/components/AlertList.tsx": {"path":"/Users/evgenii/Desktop/dev/admin MVP/Admin-Dashboard-MVP/components/examples/components/AlertList.tsx","statementMap":{"0":{"start":{"line":11,"column":24},"end":{"line":11,"column":34}},"1":{"start":{"line":17,"column":10},"end":{"line":17,"column":38}}},"fnMap":{"0":{"name":"AlertList","decl":{"start":{"line":11,"column":24},"end":{"line":11,"column":34}},"loc":{"start":{"line":11,"column":78},"end":{"line":24,"column":null}}},"1":{"name":"(anonymous_2)","decl":{"start":{"line":16,"column":20},"end":{"line":16,"column":21}},"loc":{"start":{"line":17,"column":10},"end":{"line":17,"column":38}}}},"branchMap":{"0":{"loc":{"start":{"line":11,"column":36},"end":{"line":11,"column":52}},"type":"default-arg","locations":[{"start":{"line":11,"column":44},"end":{"line":11,"column":52}}]}},"s":{"0":1,"1":1},"f":{"0":1,"1":1},"b":{"0":[1]}}
,"/Users/evgenii/Desktop/dev/admin MVP/Admin-Dashboard-MVP/components/examples/components/AnimationsGrid.tsx": {"path":"/Users/evgenii/Desktop/dev/admin MVP/Admin-Dashboard-MVP/components/examples/components/AnimationsGrid.tsx","statementMap":{"0":{"start":{"line":11,"column":24},"end":{"line":11,"column":39}},"1":{"start":{"line":17,"column":10},"end":{"line":17,"column":42}}},"fnMap":{"0":{"name":"AnimationsGrid","decl":{"start":{"line":11,"column":24},"end":{"line":11,"column":39}},"loc":{"start":{"line":11,"column":96},"end":{"line":24,"column":null}}},"1":{"name":"(anonymous_2)","decl":{"start":{"line":16,"column":24},"end":{"line":16,"column":25}},"loc":{"start":{"line":17,"column":10},"end":{"line":17,"column":42}}}},"branchMap":{"0":{"loc":{"start":{"line":11,"column":41},"end":{"line":11,"column":61}},"type":"default-arg","locations":[{"start":{"line":11,"column":49},"end":{"line":11,"column":61}}]}},"s":{"0":1,"1":1},"f":{"0":1,"1":1},"b":{"0":[1]}}
,"/Users/evgenii/Desktop/dev/admin MVP/Admin-Dashboard-MVP/components/examples/components/ButtonsShowcase.tsx": {"path":"/Users/evgenii/Desktop/dev/admin MVP/Admin-Dashboard-MVP/components/examples/components/ButtonsShowcase.tsx","statementMap":{"0":{"start":{"line":16,"column":24},"end":{"line":16,"column":40}},"1":{"start":{"line":28,"column":12},"end":{"line":28,"column":45}},"2":{"start":{"line":36,"column":14},"end":{"line":36,"column":44}},"3":{"start":{"line":45,"column":14},"end":{"line":45,"column":45}}},"fnMap":{"0":{"name":"ButtonsShowcase","decl":{"start":{"line":16,"column":24},"end":{"line":16,"column":40}},"loc":{"start":{"line":21,"column":23},"end":{"line":54,"column":null}}},"1":{"name":"(anonymous_2)","decl":{"start":{"line":27,"column":24},"end":{"line":27,"column":25}},"loc":{"start":{"line":28,"column":12},"end":{"line":28,"column":45}}},"2":{"name":"(anonymous_3)","decl":{"start":{"line":35,"column":23},"end":{"line":35,"column":24}},"loc":{"start":{"line":36,"column":14},"end":{"line":36,"column":44}}},"3":{"name":"(anonymous_4)","decl":{"start":{"line":44,"column":30},"end":{"line":44,"column":31}},"loc":{"start":{"line":45,"column":14},"end":{"line":45,"column":45}}}},"branchMap":{"0":{"loc":{"start":{"line":17,"column":2},"end":{"line":17,"column":19}},"type":"default-arg","locations":[{"start":{"line":17,"column":10},"end":{"line":17,"column":19}}]},"1":{"loc":{"start":{"line":19,"column":2},"end":{"line":19,"column":12}},"type":"default-arg","locations":[{"start":{"line":19,"column":10},"end":{"line":19,"column":12}}]},"2":{"loc":{"start":{"line":20,"column":2},"end":{"line":20,"column":19}},"type":"default-arg","locations":[{"start":{"line":20,"column":17},"end":{"line":20,"column":19}}]},"3":{"loc":{"start":{"line":27,"column":45},"end":{"line":27,"column":60}},"type":"default-arg","locations":[{"start":{"line":27,"column":52},"end":{"line":27,"column":60}}]},"4":{"loc":{"start":{"line":33,"column":9},"end":{"line":33,"column":null}},"type":"binary-expr","locations":[{"start":{"line":33,"column":9},"end":{"line":33,"column":null}}]},"5":{"loc":{"start":{"line":35,"column":44},"end":{"line":35,"column":59}},"type":"default-arg","locations":[{"start":{"line":35,"column":51},"end":{"line":35,"column":59}}]},"6":{"loc":{"start":{"line":42,"column":9},"end":{"line":42,"column":null}},"type":"binary-expr","locations":[{"start":{"line":42,"column":9},"end":{"line":42,"column":null}}]},"7":{"loc":{"start":{"line":44,"column":51},"end":{"line":44,"column":66}},"type":"default-arg","locations":[{"start":{"line":44,"column":58},"end":{"line":44,"column":66}}]}},"s":{"0":1,"1":1,"2":0,"3":0},"f":{"0":1,"1":1,"2":0,"3":0},"b":{"0":[1],"1":[0],"2":[0],"3":[1],"4":[1],"5":[0],"6":[1],"7":[0]}}
,"/Users/evgenii/Desktop/dev/admin MVP/Admin-Dashboard-MVP/components/examples/components/CardsShowcase.tsx": {"path":"/Users/evgenii/Desktop/dev/admin MVP/Admin-Dashboard-MVP/components/examples/components/CardsShowcase.tsx","statementMap":{"0":{"start":{"line":14,"column":24},"end":{"line":14,"column":38}},"1":{"start":{"line":20,"column":10},"end":{"line":20,"column":37}}},"fnMap":{"0":{"name":"CardsShowcase","decl":{"start":{"line":14,"column":24},"end":{"line":14,"column":38}},"loc":{"start":{"line":14,"column":84},"end":{"line":28,"column":null}}},"1":{"name":"(anonymous_2)","decl":{"start":{"line":19,"column":19},"end":{"line":19,"column":20}},"loc":{"start":{"line":20,"column":10},"end":{"line":20,"column":37}}}},"branchMap":{"0":{"loc":{"start":{"line":14,"column":40},"end":{"line":14,"column":55}},"type":"default-arg","locations":[{"start":{"line":14,"column":48},"end":{"line":14,"column":55}}]}},"s":{"0":1,"1":1},"f":{"0":1,"1":1},"b":{"0":[1]}}
,"/Users/evgenii/Desktop/dev/admin MVP/Admin-Dashboard-MVP/components/examples/components/FormShowcase.tsx": {"path":"/Users/evgenii/Desktop/dev/admin MVP/Admin-Dashboard-MVP/components/examples/components/FormShowcase.tsx","statementMap":{"0":{"start":{"line":22,"column":24},"end":{"line":22,"column":37}},"1":{"start":{"line":28,"column":10},"end":{"line":28,"column":24}},"2":{"start":{"line":43,"column":14},"end":{"line":43,"column":55}},"3":{"start":{"line":45,"column":18},"end":{"line":45,"column":34}}},"fnMap":{"0":{"name":"FormShowcase","decl":{"start":{"line":22,"column":24},"end":{"line":22,"column":37}},"loc":{"start":{"line":22,"column":106},"end":{"line":62,"column":null}}},"1":{"name":"(anonymous_2)","decl":{"start":{"line":27,"column":20},"end":{"line":27,"column":21}},"loc":{"start":{"line":28,"column":10},"end":{"line":28,"column":24}}},"2":{"name":"(anonymous_3)","decl":{"start":{"line":42,"column":26},"end":{"line":42,"column":27}},"loc":{"start":{"line":43,"column":14},"end":{"line":43,"column":55}}},"3":{"name":"(anonymous_4)","decl":{"start":{"line":44,"column":27},"end":{"line":44,"column":28}},"loc":{"start":{"line":45,"column":18},"end":{"line":45,"column":34}}}},"branchMap":{"0":{"loc":{"start":{"line":22,"column":39},"end":{"line":22,"column":62}},"type":"default-arg","locations":[{"start":{"line":22,"column":47},"end":{"line":22,"column":62}}]},"1":{"loc":{"start":{"line":22,"column":72},"end":{"line":22,"column":85}},"type":"default-arg","locations":[{"start":{"line":22,"column":83},"end":{"line":22,"column":85}}]},"2":{"loc":{"start":{"line":27,"column":34},"end":{"line":27,"column":47}},"type":"default-arg","locations":[{"start":{"line":27,"column":41},"end":{"line":27,"column":47}}]},"3":{"loc":{"start":{"line":27,"column":62},"end":{"line":27,"column":81}},"type":"default-arg","locations":[{"start":{"line":27,"column":74},"end":{"line":27,"column":81}}]},"4":{"loc":{"start":{"line":33,"column":14},"end":{"line":35,"column":15}},"type":"cond-expr","locations":[{"start":{"line":33,"column":14},"end":{"line":35,"column":15}}]},"5":{"loc":{"start":{"line":40,"column":9},"end":{"line":40,"column":null}},"type":"binary-expr","locations":[{"start":{"line":40,"column":9},"end":{"line":40,"column":null}}]},"6":{"loc":{"start":{"line":49,"column":28},"end":{"line":49,"column":null}},"type":"binary-expr","locations":[{"start":{"line":49,"column":28},"end":{"line":49,"column":37}},{"start":{"line":49,"column":37},"end":{"line":49,"column":68}}]},"7":{"loc":{"start":{"line":49,"column":37},"end":{"line":49,"column":68}},"type":"cond-expr","locations":[{"start":{"line":49,"column":56},"end":{"line":49,"column":67}},{"start":{"line":49,"column":67},"end":{"line":49,"column":68}}]},"8":{"loc":{"start":{"line":50,"column":33},"end":{"line":50,"column":null}},"type":"cond-expr","locations":[{"start":{"line":50,"column":55},"end":{"line":50,"column":73}},{"start":{"line":50,"column":73},"end":{"line":50,"column":null}}]}},"s":{"0":1,"1":1,"2":1,"3":1},"f":{"0":1,"1":1,"2":1,"3":1},"b":{"0":[1],"1":[0],"2":[0],"3":[0],"4":[0],"5":[1],"6":[1,1],"7":[0,1],"8":[1,0]}}
,"/Users/evgenii/Desktop/dev/admin MVP/Admin-Dashboard-MVP/components/examples/components/StatusIndicators.tsx": {"path":"/Users/evgenii/Desktop/dev/admin MVP/Admin-Dashboard-MVP/components/examples/components/StatusIndicators.tsx","statementMap":{"0":{"start":{"line":12,"column":24},"end":{"line":12,"column":41}},"1":{"start":{"line":18,"column":10},"end":{"line":18,"column":39}}},"fnMap":{"0":{"name":"StatusIndicators","decl":{"start":{"line":12,"column":24},"end":{"line":12,"column":41}},"loc":{"start":{"line":12,"column":107},"end":{"line":28,"column":null}}},"1":{"name":"(anonymous_2)","decl":{"start":{"line":17,"column":24},"end":{"line":17,"column":25}},"loc":{"start":{"line":18,"column":10},"end":{"line":18,"column":39}}}},"branchMap":{"0":{"loc":{"start":{"line":12,"column":43},"end":{"line":12,"column":70}},"type":"default-arg","locations":[{"start":{"line":12,"column":51},"end":{"line":12,"column":70}}]},"1":{"loc":{"start":{"line":20,"column":15},"end":{"line":20,"column":null}},"type":"cond-expr","locations":[{"start":{"line":20,"column":28},"end":{"line":20,"column":null}},{"start":{"line":20,"column":61},"end":{"line":20,"column":null}}]}},"s":{"0":1,"1":1},"f":{"0":1,"1":1},"b":{"0":[1],"1":[0,1]}}
,"/Users/evgenii/Desktop/dev/admin MVP/Admin-Dashboard-MVP/components/examples/components/TypographyShowcase.tsx": {"path":"/Users/evgenii/Desktop/dev/admin MVP/Admin-Dashboard-MVP/components/examples/components/TypographyShowcase.tsx","statementMap":{"0":{"start":{"line":16,"column":24},"end":{"line":16,"column":43}},"1":{"start":{"line":27,"column":28},"end":{"line":27,"column":null}},"2":{"start":{"line":28,"column":10},"end":{"line":29,"column":48}},"3":{"start":{"line":35,"column":28},"end":{"line":35,"column":null}},"4":{"start":{"line":36,"column":10},"end":{"line":37,"column":45}},"5":{"start":{"line":45,"column":32},"end":{"line":45,"column":null}},"6":{"start":{"line":46,"column":14},"end":{"line":47,"column":53}}},"fnMap":{"0":{"name":"TypographyShowcase","decl":{"start":{"line":16,"column":24},"end":{"line":16,"column":43}},"loc":{"start":{"line":21,"column":26},"end":{"line":57,"column":null}}},"1":{"name":"(anonymous_2)","decl":{"start":{"line":26,"column":22},"end":{"line":26,"column":23}},"loc":{"start":{"line":26,"column":59},"end":{"line":33,"column":null}}},"2":{"name":"(anonymous_3)","decl":{"start":{"line":34,"column":24},"end":{"line":34,"column":25}},"loc":{"start":{"line":34,"column":61},"end":{"line":41,"column":null}}},"3":{"name":"(anonymous_4)","decl":{"start":{"line":44,"column":29},"end":{"line":44,"column":30}},"loc":{"start":{"line":44,"column":66},"end":{"line":51,"column":null}}}},"branchMap":{"0":{"loc":{"start":{"line":17,"column":2},"end":{"line":17,"column":22}},"type":"default-arg","locations":[{"start":{"line":17,"column":10},"end":{"line":17,"column":22}}]},"1":{"loc":{"start":{"line":19,"column":2},"end":{"line":19,"column":17}},"type":"default-arg","locations":[{"start":{"line":19,"column":15},"end":{"line":19,"column":17}}]},"2":{"loc":{"start":{"line":20,"column":2},"end":{"line":20,"column":18}},"type":"default-arg","locations":[{"start":{"line":20,"column":16},"end":{"line":20,"column":18}}]},"3":{"loc":{"start":{"line":26,"column":25},"end":{"line":26,"column":38}},"type":"default-arg","locations":[{"start":{"line":26,"column":35},"end":{"line":26,"column":38}}]},"4":{"loc":{"start":{"line":34,"column":27},"end":{"line":34,"column":40}},"type":"default-arg","locations":[{"start":{"line":34,"column":37},"end":{"line":34,"column":40}}]},"5":{"loc":{"start":{"line":42,"column":9},"end":{"line":42,"column":null}},"type":"binary-expr","locations":[{"start":{"line":42,"column":9},"end":{"line":42,"column":null}}]},"6":{"loc":{"start":{"line":44,"column":32},"end":{"line":44,"column":45}},"type":"default-arg","locations":[{"start":{"line":44,"column":42},"end":{"line":44,"column":45}}]}},"s":{"0":1,"1":1,"2":1,"3":1,"4":1,"5":0,"6":0},"f":{"0":1,"1":1,"2":1,"3":0},"b":{"0":[1],"1":[0],"2":[0],"3":[0],"4":[1],"5":[1],"6":[0]}}
,"/Users/evgenii/Desktop/dev/admin MVP/Admin-Dashboard-MVP/components/examples/settings/ConnectedAccounts.tsx": {"path":"/Users/evgenii/Desktop/dev/admin MVP/Admin-Dashboard-MVP/components/examples/settings/ConnectedAccounts.tsx","statementMap":{"0":{"start":{"line":16,"column":24},"end":{"line":16,"column":42}},"1":{"start":{"line":22,"column":10},"end":{"line":22,"column":24}}},"fnMap":{"0":{"name":"ConnectedAccounts","decl":{"start":{"line":16,"column":24},"end":{"line":16,"column":42}},"loc":{"start":{"line":16,"column":108},"end":{"line":38,"column":null}}},"1":{"name":"(anonymous_2)","decl":{"start":{"line":21,"column":22},"end":{"line":21,"column":23}},"loc":{"start":{"line":22,"column":10},"end":{"line":22,"column":24}}}},"branchMap":{"0":{"loc":{"start":{"line":16,"column":44},"end":{"line":16,"column":72}},"type":"default-arg","locations":[{"start":{"line":16,"column":52},"end":{"line":16,"column":72}}]},"1":{"loc":{"start":{"line":21,"column":46},"end":{"line":21,"column":70}},"type":"default-arg","locations":[{"start":{"line":21,"column":61},"end":{"line":21,"column":70}}]},"2":{"loc":{"start":{"line":21,"column":72},"end":{"line":21,"column":102}},"type":"default-arg","locations":[{"start":{"line":21,"column":90},"end":{"line":21,"column":102}}]},"3":{"loc":{"start":{"line":25,"column":60},"end":{"line":25,"column":null}},"type":"cond-expr","locations":[{"start":{"line":25,"column":72},"end":{"line":25,"column":86}},{"start":{"line":25,"column":86},"end":{"line":25,"column":null}}]},"4":{"loc":{"start":{"line":29,"column":39},"end":{"line":29,"column":86}},"type":"cond-expr","locations":[{"start":{"line":29,"column":51},"end":{"line":29,"column":71}},{"start":{"line":29,"column":71},"end":{"line":29,"column":86}}]},"5":{"loc":{"start":{"line":31,"column":15},"end":{"line":31,"column":null}},"type":"cond-expr","locations":[{"start":{"line":31,"column":27},"end":{"line":31,"column":45}},{"start":{"line":31,"column":45},"end":{"line":31,"column":null}}]}},"s":{"0":1,"1":2},"f":{"0":1,"1":2},"b":{"0":[1],"1":[2],"2":[2],"3":[1,1],"4":[1,1],"5":[1,1]}}
,"/Users/evgenii/Desktop/dev/admin MVP/Admin-Dashboard-MVP/components/examples/settings/ProfileSection.tsx": {"path":"/Users/evgenii/Desktop/dev/admin MVP/Admin-Dashboard-MVP/components/examples/settings/ProfileSection.tsx","statementMap":{"0":{"start":{"line":26,"column":24},"end":{"line":26,"column":39}},"1":{"start":{"line":4,"column":27},"end":{"line":4,"column":null}},"2":{"start":{"line":58,"column":30},"end":{"line":58,"column":null}},"3":{"start":{"line":59,"column":12},"end":{"line":60,"column":28}}},"fnMap":{"0":{"name":"ProfileSection","decl":{"start":{"line":26,"column":24},"end":{"line":26,"column":39}},"loc":{"start":{"line":34,"column":22},"end":{"line":84,"column":null}}},"1":{"name":"(anonymous_2)","decl":{"start":{"line":57,"column":22},"end":{"line":57,"column":23}},"loc":{"start":{"line":57,"column":94},"end":{"line":69,"column":null}}}},"branchMap":{"0":{"loc":{"start":{"line":27,"column":14},"end":{"line":27,"column":31}},"type":"default-arg","locations":[{"start":{"line":27,"column":27},"end":{"line":27,"column":31}}]},"1":{"loc":{"start":{"line":28,"column":2},"end":{"line":28,"column":64}},"type":"default-arg","locations":[{"start":{"line":28,"column":15},"end":{"line":28,"column":64}}]},"2":{"loc":{"start":{"line":32,"column":2},"end":{"line":32,"column":24}},"type":"default-arg","locations":[{"start":{"line":32,"column":16},"end":{"line":32,"column":24}}]},"3":{"loc":{"start":{"line":33,"column":2},"end":{"line":33,"column":28}},"type":"default-arg","locations":[{"start":{"line":33,"column":14},"end":{"line":33,"column":28}}]},"4":{"loc":{"start":{"line":57,"column":36},"end":{"line":57,"column":49}},"type":"default-arg","locations":[{"start":{"line":57,"column":43},"end":{"line":57,"column":49}}]},"5":{"loc":{"start":{"line":57,"column":75},"end":{"line":57,"column":83}},"type":"default-arg","locations":[{"start":{"line":57,"column":82},"end":{"line":57,"column":83}}]},"6":{"loc":{"start":{"line":58,"column":30},"end":{"line":58,"column":null}},"type":"cond-expr","locations":[{"start":{"line":58,"column":51},"end":{"line":58,"column":69}},{"start":{"line":58,"column":69},"end":{"line":58,"column":null}}]},"7":{"loc":{"start":{"line":63,"column":18},"end":{"line":65,"column":19}},"type":"cond-expr","locations":[{"start":{"line":63,"column":18},"end":{"line":65,"column":19}}]}},"s":{"0":2,"1":1,"2":4,"3":4},"f":{"0":2,"1":4},"b":{"0":[2],"1":[1],"2":[2],"3":[2],"4":[4],"5":[4],"6":[2,2],"7":[2]}}
,"/Users/evgenii/Desktop/dev/admin MVP/Admin-Dashboard-MVP/components/examples/settings/SettingsSidebar.tsx": {"path":"/Users/evgenii/Desktop/dev/admin MVP/Admin-Dashboard-MVP/components/examples/settings/SettingsSidebar.tsx","statementMap":{"0":{"start":{"line":17,"column":24},"end":{"line":17,"column":40}},"1":{"start":{"line":21,"column":25},"end":{"line":21,"column":null}},"2":{"start":{"line":22,"column":8},"end":{"line":24,"column":null}},"3":{"start":{"line":27,"column":27},"end":{"line":27,"column":null}}},"fnMap":{"0":{"name":"SettingsSidebar","decl":{"start":{"line":17,"column":24},"end":{"line":17,"column":40}},"loc":{"start":{"line":17,"column":95},"end":{"line":36,"column":null}}},"1":{"name":"(anonymous_2)","decl":{"start":{"line":20,"column":16},"end":{"line":20,"column":17}},"loc":{"start":{"line":20,"column":42},"end":{"line":33,"column":null}}},"2":{"name":"(anonymous_3)","decl":{"start":{"line":27,"column":21},"end":{"line":27,"column":27}},"loc":{"start":{"line":27,"column":27},"end":{"line":27,"column":null}}}},"branchMap":{"0":{"loc":{"start":{"line":21,"column":25},"end":{"line":21,"column":null}},"type":"cond-expr","locations":[{"start":{"line":21,"column":39},"end":{"line":21,"column":60}},{"start":{"line":21,"column":60},"end":{"line":21,"column":null}}]},"1":{"loc":{"start":{"line":26,"column":56},"end":{"line":26,"column":91}},"type":"cond-expr","locations":[{"start":{"line":26,"column":67},"end":{"line":26,"column":87}},{"start":{"line":26,"column":87},"end":{"line":26,"column":91}}]}},"s":{"0":2,"1":4,"2":4,"3":1},"f":{"0":2,"1":4,"2":1},"b":{"0":[2,2],"1":[2,2]}}
,"/Users/evgenii/Desktop/dev/admin MVP/Admin-Dashboard-MVP/components/ui/Button.tsx": {"path":"/Users/evgenii/Desktop/dev/admin MVP/Admin-Dashboard-MVP/components/ui/Button.tsx","statementMap":{"0":{"start":{"line":4,"column":16},"end":{"line":4,"column":23}}},"fnMap":{"0":{"name":"Button","decl":{"start":{"line":4,"column":16},"end":{"line":4,"column":23}},"loc":{"start":{"line":4,"column":92},"end":{"line":11,"column":null}}}},"branchMap":{"0":{"loc":{"start":{"line":4,"column":25},"end":{"line":4,"column":39}},"type":"default-arg","locations":[{"start":{"line":4,"column":37},"end":{"line":4,"column":39}}]}},"s":{"0":5},"f":{"0":5},"b":{"0":[4]}}
,"/Users/evgenii/Desktop/dev/admin MVP/Admin-Dashboard-MVP/components/ui/Checkbox.tsx": {"path":"/Users/evgenii/Desktop/dev/admin MVP/Admin-Dashboard-MVP/components/ui/Checkbox.tsx","statementMap":{"0":{"start":{"line":4,"column":13},"end":{"line":4,"column":24}},"1":{"start":{"line":2,"column":48},"end":{"line":2,"column":null}},"2":{"start":{"line":15,"column":0},"end":{"line":15,"column":null}}},"fnMap":{},"branchMap":{"0":{"loc":{"start":{"line":5,"column":5},"end":{"line":5,"column":19}},"type":"default-arg","locations":[{"start":{"line":5,"column":17},"end":{"line":5,"column":19}}]}},"s":{"0":24,"1":2,"2":2},"f":{},"b":{"0":[9]}}
,"/Users/evgenii/Desktop/dev/admin MVP/Admin-Dashboard-MVP/components/ui/Dialog.tsx": {"path":"/Users/evgenii/Desktop/dev/admin MVP/Admin-Dashboard-MVP/components/ui/Dialog.tsx","statementMap":{"0":{"start":{"line":11,"column":16},"end":{"line":11,"column":23}},"1":{"start":{"line":12,"column":2},"end":{"line":12,"column":null}},"2":{"start":{"line":12,"column":13},"end":{"line":12,"column":null}}},"fnMap":{"0":{"name":"Dialog","decl":{"start":{"line":11,"column":16},"end":{"line":11,"column":23}},"loc":{"start":{"line":11,"column":70},"end":{"line":30,"column":null}}}},"branchMap":{"0":{"loc":{"start":{"line":12,"column":2},"end":{"line":12,"column":null}},"type":"if","locations":[{"start":{"line":12,"column":2},"end":{"line":12,"column":null}},{"start":{},"end":{}}]},"1":{"loc":{"start":{"line":17,"column":9},"end":{"line":17,"column":18}},"type":"binary-expr","locations":[{"start":{"line":17,"column":9},"end":{"line":17,"column":18}}]}},"s":{"0":8,"1":8,"2":1},"f":{"0":8},"b":{"0":[1,7],"1":[7]}}
,"/Users/evgenii/Desktop/dev/admin MVP/Admin-Dashboard-MVP/components/ui/DropdownMenu.tsx": {"path":"/Users/evgenii/Desktop/dev/admin MVP/Admin-Dashboard-MVP/components/ui/DropdownMenu.tsx","statementMap":{"0":{"start":{"line":9,"column":16},"end":{"line":9,"column":29}},"1":{"start":{"line":2,"column":36},"end":{"line":2,"column":null}},"2":{"start":{"line":10,"column":26},"end":{"line":10,"column":null}},"3":{"start":{"line":13,"column":26},"end":{"line":13,"column":46}},"4":{"start":{"line":13,"column":41},"end":{"line":13,"column":46}}},"fnMap":{"0":{"name":"DropdownMenu","decl":{"start":{"line":9,"column":16},"end":{"line":9,"column":29}},"loc":{"start":{"line":9,"column":69},"end":{"line":23,"column":null}}},"1":{"name":"(anonymous_2)","decl":{"start":{"line":13,"column":20},"end":{"line":13,"column":26}},"loc":{"start":{"line":13,"column":26},"end":{"line":13,"column":46}}},"2":{"name":"(anonymous_3)","decl":{"start":{"line":13,"column":34},"end":{"line":13,"column":35}},"loc":{"start":{"line":13,"column":41},"end":{"line":13,"column":46}}}},"branchMap":{"0":{"loc":{"start":{"line":16,"column":7},"end":{"line":16,"column":null}},"type":"binary-expr","locations":[{"start":{"line":16,"column":7},"end":{"line":16,"column":null}}]}},"s":{"0":9,"1":1,"2":10,"3":1,"4":1},"f":{"0":10,"1":1,"2":1},"b":{"0":[10]}}
,"/Users/evgenii/Desktop/dev/admin MVP/Admin-Dashboard-MVP/components/ui/Input.tsx": {"path":"/Users/evgenii/Desktop/dev/admin MVP/Admin-Dashboard-MVP/components/ui/Input.tsx","statementMap":{"0":{"start":{"line":4,"column":13},"end":{"line":4,"column":21}},"1":{"start":{"line":2,"column":48},"end":{"line":2,"column":null}},"2":{"start":{"line":14,"column":0},"end":{"line":14,"column":null}}},"fnMap":{},"branchMap":{"0":{"loc":{"start":{"line":5,"column":5},"end":{"line":5,"column":19}},"type":"default-arg","locations":[{"start":{"line":5,"column":17},"end":{"line":5,"column":19}}]}},"s":{"0":15,"1":2,"2":2},"f":{},"b":{"0":[14]}}
,"/Users/evgenii/Desktop/dev/admin MVP/Admin-Dashboard-MVP/components/ui/Select.tsx": {"path":"/Users/evgenii/Desktop/dev/admin MVP/Admin-Dashboard-MVP/components/ui/Select.tsx","statementMap":{"0":{"start":{"line":4,"column":13},"end":{"line":4,"column":22}},"1":{"start":{"line":2,"column":49},"end":{"line":2,"column":null}},"2":{"start":{"line":14,"column":0},"end":{"line":14,"column":null}}},"fnMap":{},"branchMap":{"0":{"loc":{"start":{"line":5,"column":5},"end":{"line":5,"column":19}},"type":"default-arg","locations":[{"start":{"line":5,"column":17},"end":{"line":5,"column":19}}]}},"s":{"0":8,"1":1,"2":1},"f":{},"b":{"0":[7]}}
,"/Users/evgenii/Desktop/dev/admin MVP/Admin-Dashboard-MVP/components/ui/Switch.tsx": {"path":"/Users/evgenii/Desktop/dev/admin MVP/Admin-Dashboard-MVP/components/ui/Switch.tsx","statementMap":{"0":{"start":{"line":4,"column":13},"end":{"line":4,"column":22}},"1":{"start":{"line":2,"column":48},"end":{"line":2,"column":null}},"2":{"start":{"line":30,"column":0},"end":{"line":30,"column":null}}},"fnMap":{},"branchMap":{"0":{"loc":{"start":{"line":5,"column":5},"end":{"line":5,"column":19}},"type":"default-arg","locations":[{"start":{"line":5,"column":17},"end":{"line":5,"column":19}}]},"1":{"loc":{"start":{"line":8,"column":8},"end":{"line":8,"column":null}},"type":"cond-expr","locations":[{"start":{"line":8,"column":19},"end":{"line":8,"column":53}},{"start":{"line":8,"column":53},"end":{"line":8,"column":null}}]}},"s":{"0":8,"1":1,"2":1},"f":{},"b":{"0":[7],"1":[1,7]}}
,"/Users/evgenii/Desktop/dev/admin MVP/Admin-Dashboard-MVP/components/ui/Toggle.tsx": {"path":"/Users/evgenii/Desktop/dev/admin MVP/Admin-Dashboard-MVP/components/ui/Toggle.tsx","statementMap":{"0":{"start":{"line":6,"column":16},"end":{"line":6,"column":23}},"1":{"start":{"line":2,"column":47},"end":{"line":2,"column":null}},"2":{"start":{"line":7,"column":32},"end":{"line":7,"column":null}},"3":{"start":{"line":12,"column":8},"end":{"line":12,"column":null}},"4":{"start":{"line":12,"column":26},"end":{"line":12,"column":null}},"5":{"start":{"line":13,"column":8},"end":{"line":13,"column":null}}},"fnMap":{"0":{"name":"Toggle","decl":{"start":{"line":6,"column":16},"end":{"line":6,"column":23}},"loc":{"start":{"line":6,"column":64},"end":{"line":20,"column":null}}},"1":{"name":"(anonymous_2)","decl":{"start":{"line":11,"column":15},"end":{"line":11,"column":16}},"loc":{"start":{"line":11,"column":16},"end":{"line":14,"column":null}}},"2":{"name":"(anonymous_3)","decl":{"start":{"line":12,"column":19},"end":{"line":12,"column":20}},"loc":{"start":{"line":12,"column":26},"end":{"line":12,"column":null}}}},"branchMap":{"0":{"loc":{"start":{"line":6,"column":25},"end":{"line":6,"column":39}},"type":"default-arg","locations":[{"start":{"line":6,"column":37},"end":{"line":6,"column":39}}]},"1":{"loc":{"start":{"line":16,"column":8},"end":{"line":16,"column":null}},"type":"cond-expr","locations":[{"start":{"line":16,"column":18},"end":{"line":16,"column":45}},{"start":{"line":16,"column":45},"end":{"line":16,"column":null}}]}},"s":{"0":8,"1":1,"2":12,"3":4,"4":4,"5":4},"f":{"0":12,"1":4,"2":4},"b":{"0":[11],"1":[4,8]}}
,"/Users/evgenii/Desktop/dev/admin MVP/Admin-Dashboard-MVP/contexts/LocaleProvider.tsx": {"path":"/Users/evgenii/Desktop/dev/admin MVP/Admin-Dashboard-MVP/contexts/LocaleProvider.tsx","statementMap":{"0":{"start":{"line":46,"column":16},"end":{"line":46,"column":31}},"1":{"start":{"line":69,"column":16},"end":{"line":69,"column":null}},"2":{"start":{"line":3,"column":101},"end":{"line":3,"column":null}},"3":{"start":{"line":4,"column":89},"end":{"line":4,"column":null}},"4":{"start":{"line":6,"column":20},"end":{"line":6,"column":null}},"5":{"start":{"line":7,"column":20},"end":{"line":7,"column":null}},"6":{"start":{"line":8,"column":23},"end":{"line":8,"column":42}},"7":{"start":{"line":10,"column":17},"end":{"line":11,"column":null}},"8":{"start":{"line":11,"column":2},"end":{"line":11,"column":null}},"9":{"start":{"line":13,"column":28},"end":{"line":36,"column":null}},"10":{"start":{"line":14,"column":2},"end":{"line":16,"column":null}},"11":{"start":{"line":15,"column":4},"end":{"line":15,"column":null}},"12":{"start":{"line":18,"column":17},"end":{"line":18,"column":null}},"13":{"start":{"line":19,"column":2},"end":{"line":21,"column":null}},"14":{"start":{"line":20,"column":4},"end":{"line":20,"column":null}},"15":{"start":{"line":23,"column":16},"end":{"line":23,"column":null}},"16":{"start":{"line":24,"column":2},"end":{"line":33,"column":null}},"17":{"start":{"line":25,"column":4},"end":{"line":32,"column":null}},"18":{"start":{"line":26,"column":27},"end":{"line":26,"column":null}},"19":{"start":{"line":27,"column":6},"end":{"line":29,"column":null}},"20":{"start":{"line":28,"column":8},"end":{"line":28,"column":null}},"21":{"start":{"line":35,"column":2},"end":{"line":35,"column":null}},"22":{"start":{"line":44,"column":22},"end":{"line":44,"column":null}},"23":{"start":{"line":47,"column":35},"end":{"line":47,"column":null}},"24":{"start":{"line":47,"column":58},"end":{"line":47,"column":null}},"25":{"start":{"line":48,"column":21},"end":{"line":48,"column":null}},"26":{"start":{"line":48,"column":35},"end":{"line":48,"column":58}},"27":{"start":{"line":50,"column":12},"end":{"line":50,"column":null}},"28":{"start":{"line":50,"column":60},"end":{"line":50,"column":98}},"29":{"start":{"line":52,"column":20},"end":{"line":54,"column":null}},"30":{"start":{"line":53,"column":4},"end":{"line":53,"column":null}},"31":{"start":{"line":56,"column":2},"end":{"line":62,"column":null}},"32":{"start":{"line":57,"column":4},"end":{"line":59,"column":null}},"33":{"start":{"line":58,"column":6},"end":{"line":58,"column":null}},"34":{"start":{"line":60,"column":4},"end":{"line":60,"column":null}},"35":{"start":{"line":61,"column":4},"end":{"line":61,"column":null}},"36":{"start":{"line":64,"column":16},"end":{"line":64,"column":null}},"37":{"start":{"line":64,"column":51},"end":{"line":64,"column":78}},"38":{"start":{"line":70,"column":18},"end":{"line":70,"column":null}},"39":{"start":{"line":71,"column":2},"end":{"line":73,"column":null}},"40":{"start":{"line":72,"column":4},"end":{"line":72,"column":null}},"41":{"start":{"line":74,"column":2},"end":{"line":74,"column":null}}},"fnMap":{"0":{"name":"(anonymous_3)","decl":{"start":{"line":10,"column":17},"end":{"line":10,"column":18}},"loc":{"start":{"line":11,"column":2},"end":{"line":11,"column":null}}},"1":{"name":"(anonymous_4)","decl":{"start":{"line":13,"column":28},"end":{"line":13,"column":null}},"loc":{"start":{"line":13,"column":28},"end":{"line":36,"column":null}}},"2":{"name":"LocaleProvider","decl":{"start":{"line":46,"column":16},"end":{"line":46,"column":31}},"loc":{"start":{"line":46,"column":68},"end":{"line":67,"column":null}}},"3":{"name":"(anonymous_6)","decl":{"start":{"line":47,"column":52},"end":{"line":47,"column":58}},"loc":{"start":{"line":47,"column":58},"end":{"line":47,"column":null}}},"4":{"name":"(anonymous_7)","decl":{"start":{"line":48,"column":29},"end":{"line":48,"column":35}},"loc":{"start":{"line":48,"column":35},"end":{"line":48,"column":58}}},"5":{"name":"(anonymous_8)","decl":{"start":{"line":50,"column":24},"end":{"line":50,"column":25}},"loc":{"start":{"line":50,"column":60},"end":{"line":50,"column":98}}},"6":{"name":"(anonymous_9)","decl":{"start":{"line":52,"column":32},"end":{"line":52,"column":33}},"loc":{"start":{"line":52,"column":33},"end":{"line":54,"column":5}}},"7":{"name":"(anonymous_10)","decl":{"start":{"line":56,"column":12},"end":{"line":56,"column":null}},"loc":{"start":{"line":56,"column":12},"end":{"line":62,"column":5}}},"8":{"name":"(anonymous_11)","decl":{"start":{"line":64,"column":44},"end":{"line":64,"column":51}},"loc":{"start":{"line":64,"column":51},"end":{"line":64,"column":78}}},"9":{"name":"useLocale","decl":{"start":{"line":69,"column":16},"end":{"line":69,"column":null}},"loc":{"start":{"line":69,"column":16},"end":{"line":75,"column":null}}}},"branchMap":{"0":{"loc":{"start":{"line":11,"column":2},"end":{"line":11,"column":null}},"type":"binary-expr","locations":[{"start":{"line":11,"column":2},"end":{"line":11,"column":31}},{"start":{"line":11,"column":31},"end":{"line":11,"column":null}}]},"1":{"loc":{"start":{"line":14,"column":2},"end":{"line":16,"column":null}},"type":"if","locations":[{"start":{"line":14,"column":2},"end":{"line":16,"column":null}},{"start":{},"end":{}}]},"2":{"loc":{"start":{"line":19,"column":2},"end":{"line":21,"column":null}},"type":"if","locations":[{"start":{"line":19,"column":2},"end":{"line":21,"column":null}},{"start":{},"end":{}}]},"3":{"loc":{"start":{"line":24,"column":2},"end":{"line":33,"column":null}},"type":"if","locations":[{"start":{"line":24,"column":2},"end":{"line":33,"column":null}},{"start":{},"end":{}}]},"4":{"loc":{"start":{"line":27,"column":6},"end":{"line":29,"column":null}},"type":"if","locations":[{"start":{"line":27,"column":6},"end":{"line":29,"column":null}},{"start":{},"end":{}}]},"5":{"loc":{"start":{"line":57,"column":4},"end":{"line":59,"column":null}},"type":"if","locations":[{"start":{"line":57,"column":4},"end":{"line":59,"column":null}},{"start":{},"end":{}}]},"6":{"loc":{"start":{"line":71,"column":2},"end":{"line":73,"column":null}},"type":"if","locations":[{"start":{"line":71,"column":2},"end":{"line":73,"column":null}},{"start":{},"end":{}}]}},"s":{"0":6,"1":14,"2":1,"3":1,"4":1,"5":1,"6":1,"7":1,"8":6,"9":1,"10":6,"11":0,"12":6,"13":6,"14":5,"15":1,"16":1,"17":0,"18":0,"19":0,"20":0,"21":1,"22":1,"23":6,"24":6,"25":6,"26":6,"27":6,"28":11,"29":6,"30":0,"31":6,"32":6,"33":0,"34":6,"35":6,"36":6,"37":6,"38":14,"39":14,"40":0,"41":14},"f":{"0":6,"1":6,"2":6,"3":6,"4":6,"5":11,"6":0,"7":6,"8":6,"9":14},"b":{"0":[6,5],"1":[0,6],"2":[5,1],"3":[0,1],"4":[0,0],"5":[0,6],"6":[0,14]}}
,"/Users/evgenii/Desktop/dev/admin MVP/Admin-Dashboard-MVP/lib/fetcher.ts": {"path":"/Users/evgenii/Desktop/dev/admin MVP/Admin-Dashboard-MVP/lib/fetcher.ts","statementMap":{"0":{"start":{"line":1,"column":13},"end":{"line":1,"column":32}},"1":{"start":{"line":8,"column":22},"end":{"line":8,"column":33}},"2":{"start":{"line":3,"column":4},"end":{"line":2,"column":35}},"3":{"start":{"line":4,"column":4},"end":{"line":4,"column":null}},"4":{"start":{"line":9,"column":14},"end":{"line":9,"column":null}},"5":{"start":{"line":10,"column":2},"end":{"line":16,"column":null}},"6":{"start":{"line":11,"column":18},"end":{"line":13,"column":null}},"7":{"start":{"line":15,"column":4},"end":{"line":15,"column":null}},"8":{"start":{"line":17,"column":2},"end":{"line":17,"column":null}}},"fnMap":{"0":{"name":"(anonymous_3)","decl":{"start":{"line":2,"column":2},"end":{"line":2,"column":14}},"loc":{"start":{"line":2,"column":54},"end":{"line":5,"column":null}}},"1":{"name":"fetcher","decl":{"start":{"line":8,"column":22},"end":{"line":8,"column":33}},"loc":{"start":{"line":8,"column":71},"end":{"line":18,"column":null}}}},"branchMap":{"0":{"loc":{"start":{"line":10,"column":2},"end":{"line":16,"column":null}},"type":"if","locations":[{"start":{"line":10,"column":2},"end":{"line":16,"column":null}},{"start":{},"end":{}}]}},"s":{"0":1,"1":3,"2":2,"3":2,"4":3,"5":3,"6":2,"7":2,"8":1},"f":{"0":2,"1":3},"b":{"0":[2,1]}}
,"/Users/evgenii/Desktop/dev/admin MVP/Admin-Dashboard-MVP/lib/i18n.ts": {"path":"/Users/evgenii/Desktop/dev/admin MVP/Admin-Dashboard-MVP/lib/i18n.ts","statementMap":{"0":{"start":{"line":8,"column":13},"end":{"line":8,"column":38}},"1":{"start":{"line":6,"column":13},"end":{"line":6,"column":33}},"2":{"start":{"line":17,"column":16},"end":{"line":17,"column":30}},"3":{"start":{"line":21,"column":16},"end":{"line":21,"column":26}},"4":{"start":{"line":1,"column":15},"end":{"line":1,"column":null}},"5":{"start":{"line":2,"column":15},"end":{"line":2,"column":null}},"6":{"start":{"line":3,"column":15},"end":{"line":3,"column":null}},"7":{"start":{"line":4,"column":15},"end":{"line":4,"column":null}},"8":{"start":{"line":6,"column":33},"end":{"line":6,"column":null}},"9":{"start":{"line":8,"column":38},"end":{"line":8,"column":null}},"10":{"start":{"line":10,"column":58},"end":{"line":15,"column":null}},"11":{"start":{"line":18,"column":2},"end":{"line":18,"column":null}},"12":{"start":{"line":22,"column":19},"end":{"line":22,"column":null}},"13":{"start":{"line":23,"column":21},"end":{"line":23,"column":null}},"14":{"start":{"line":24,"column":2},"end":{"line":30,"column":null}},"15":{"start":{"line":25,"column":4},"end":{"line":29,"column":null}},"16":{"start":{"line":26,"column":6},"end":{"line":26,"column":null}},"17":{"start":{"line":28,"column":6},"end":{"line":28,"column":null}},"18":{"start":{"line":32,"column":2},"end":{"line":34,"column":null}},"19":{"start":{"line":33,"column":4},"end":{"line":33,"column":null}},"20":{"start":{"line":36,"column":2},"end":{"line":36,"column":null}}},"fnMap":{"0":{"name":"getDictionary","decl":{"start":{"line":17,"column":16},"end":{"line":17,"column":30}},"loc":{"start":{"line":17,"column":44},"end":{"line":19,"column":null}}},"1":{"name":"translate","decl":{"start":{"line":21,"column":16},"end":{"line":21,"column":26}},"loc":{"start":{"line":21,"column":89},"end":{"line":37,"column":null}}}},"branchMap":{"0":{"loc":{"start":{"line":18,"column":9},"end":{"line":18,"column":61}},"type":"binary-expr","locations":[{"start":{"line":18,"column":9},"end":{"line":18,"column":29}},{"start":{"line":18,"column":33},"end":{"line":18,"column":61}}]},"1":{"loc":{"start":{"line":25,"column":4},"end":{"line":29,"column":null}},"type":"if","locations":[{"start":{"line":25,"column":4},"end":{"line":29,"column":null}},{"start":{"line":27,"column":11},"end":{"line":29,"column":null}}]},"2":{"loc":{"start":{"line":25,"column":8},"end":{"line":25,"column":70}},"type":"binary-expr","locations":[{"start":{"line":25,"column":8},"end":{"line":25,"column":19}},{"start":{"line":25,"column":19},"end":{"line":25,"column":50}},{"start":{"line":25,"column":50},"end":{"line":25,"column":70}}]},"3":{"loc":{"start":{"line":28,"column":13},"end":{"line":28,"column":null}},"type":"binary-expr","locations":[{"start":{"line":28,"column":13},"end":{"line":28,"column":25}},{"start":{"line":28,"column":25},"end":{"line":28,"column":null}}]},"4":{"loc":{"start":{"line":32,"column":2},"end":{"line":34,"column":null}},"type":"if","locations":[{"start":{"line":32,"column":2},"end":{"line":34,"column":null}},{"start":{},"end":{}}]},"5":{"loc":{"start":{"line":36,"column":9},"end":{"line":36,"column":null}},"type":"binary-expr","locations":[{"start":{"line":36,"column":9},"end":{"line":36,"column":21}},{"start":{"line":36,"column":21},"end":{"line":36,"column":null}}]}},"s":{"0":1,"1":5,"2":6,"3":11,"4":1,"5":1,"6":1,"7":1,"8":1,"9":1,"10":1,"11":6,"12":11,"13":11,"14":11,"15":33,"16":33,"17":0,"18":11,"19":11,"20":0},"f":{"0":6,"1":11},"b":{"0":[6,0],"1":[33,0],"2":[33,33,33],"3":[0,0],"4":[11,0],"5":[0,0]}}
,"/Users/evgenii/Desktop/dev/admin MVP/Admin-Dashboard-MVP/lib/validators.ts": {"path":"/Users/evgenii/Desktop/dev/admin MVP/Admin-Dashboard-MVP/lib/validators.ts","statementMap":{"0":{"start":{"line":8,"column":13},"end":{"line":8,"column":29}},"1":{"start":{"line":87,"column":13},"end":{"line":87,"column":35}},"2":{"start":{"line":16,"column":13},"end":{"line":16,"column":26}},"3":{"start":{"line":1,"column":18},"end":{"line":1,"column":null}},"4":{"start":{"line":4,"column":19},"end":{"line":4,"column":null}},"5":{"start":{"line":5,"column":22},"end":{"line":5,"column":null}},"6":{"start":{"line":6,"column":17},"end":{"line":6,"column":null}},"7":{"start":{"line":8,"column":29},"end":{"line":14,"column":null}},"8":{"start":{"line":16,"column":26},"end":{"line":82,"column":null}},"9":{"start":{"line":45,"column":18},"end":{"line":45,"column":null}},"10":{"start":{"line":46,"column":6},"end":{"line":46,"column":null}},"11":{"start":{"line":66,"column":21},"end":{"line":66,"column":35}},"12":{"start":{"line":79,"column":20},"end":{"line":79,"column":58}},"13":{"start":{"line":87,"column":35},"end":{"line":95,"column":null}},"14":{"start":{"line":88,"column":17},"end":{"line":88,"column":null}},"15":{"start":{"line":89,"column":2},"end":{"line":89,"column":null}},"16":{"start":{"line":89,"column":28},"end":{"line":89,"column":null}},"17":{"start":{"line":90,"column":2},"end":{"line":90,"column":null}},"18":{"start":{"line":90,"column":31},"end":{"line":90,"column":null}},"19":{"start":{"line":91,"column":2},"end":{"line":91,"column":null}},"20":{"start":{"line":91,"column":31},"end":{"line":91,"column":null}},"21":{"start":{"line":92,"column":2},"end":{"line":92,"column":null}},"22":{"start":{"line":92,"column":28},"end":{"line":92,"column":null}},"23":{"start":{"line":93,"column":2},"end":{"line":93,"column":null}},"24":{"start":{"line":93,"column":35},"end":{"line":93,"column":null}},"25":{"start":{"line":94,"column":2},"end":{"line":94,"column":null}}},"fnMap":{"0":{"name":"(anonymous_4)","decl":{"start":{"line":44,"column":12},"end":{"line":44,"column":13}},"loc":{"start":{"line":44,"column":13},"end":{"line":47,"column":7}}},"1":{"name":"(anonymous_5)","decl":{"start":{"line":66,"column":12},"end":{"line":66,"column":13}},"loc":{"start":{"line":66,"column":21},"end":{"line":66,"column":35}}},"2":{"name":"(anonymous_6)","decl":{"start":{"line":79,"column":10},"end":{"line":79,"column":11}},"loc":{"start":{"line":79,"column":20},"end":{"line":79,"column":58}}},"3":{"name":"(anonymous_7)","decl":{"start":{"line":87,"column":35},"end":{"line":87,"column":36}},"loc":{"start":{"line":87,"column":36},"end":{"line":95,"column":null}}}},"branchMap":{"0":{"loc":{"start":{"line":89,"column":2},"end":{"line":89,"column":null}},"type":"if","locations":[{"start":{"line":89,"column":2},"end":{"line":89,"column":null}},{"start":{},"end":{}}]},"1":{"loc":{"start":{"line":90,"column":2},"end":{"line":90,"column":null}},"type":"if","locations":[{"start":{"line":90,"column":2},"end":{"line":90,"column":null}},{"start":{},"end":{}}]},"2":{"loc":{"start":{"line":91,"column":2},"end":{"line":91,"column":null}},"type":"if","locations":[{"start":{"line":91,"column":2},"end":{"line":91,"column":null}},{"start":{},"end":{}}]},"3":{"loc":{"start":{"line":92,"column":2},"end":{"line":92,"column":null}},"type":"if","locations":[{"start":{"line":92,"column":2},"end":{"line":92,"column":null}},{"start":{},"end":{}}]},"4":{"loc":{"start":{"line":93,"column":2},"end":{"line":93,"column":null}},"type":"if","locations":[{"start":{"line":93,"column":2},"end":{"line":93,"column":null}},{"start":{},"end":{}}]}},"s":{"0":0,"1":5,"2":5,"3":1,"4":1,"5":1,"6":1,"7":1,"8":1,"9":5,"10":5,"11":5,"12":5,"13":1,"14":5,"15":5,"16":4,"17":5,"18":2,"19":5,"20":2,"21":5,"22":2,"23":5,"24":1,"25":5},"f":{"0":5,"1":5,"2":5,"3":5},"b":{"0":[4,1],"1":[2,3],"2":[2,3],"3":[2,3],"4":[1,4]}}
,"/Users/evgenii/Desktop/dev/admin MVP/Admin-Dashboard-MVP/locales/en.ts": {"path":"/Users/evgenii/Desktop/dev/admin MVP/Admin-Dashboard-MVP/locales/en.ts","statementMap":{"0":{"start":{"line":19,"column":0},"end":{"line":19,"column":15}},"1":{"start":{"line":1,"column":11},"end":{"line":17,"column":null}},"2":{"start":{"line":19,"column":15},"end":{"line":19,"column":null}}},"fnMap":{},"branchMap":{},"s":{"0":1,"1":1,"2":1},"f":{},"b":{}}
,"/Users/evgenii/Desktop/dev/admin MVP/Admin-Dashboard-MVP/locales/es.ts": {"path":"/Users/evgenii/Desktop/dev/admin MVP/Admin-Dashboard-MVP/locales/es.ts","statementMap":{"0":{"start":{"line":19,"column":0},"end":{"line":19,"column":15}},"1":{"start":{"line":1,"column":11},"end":{"line":17,"column":null}},"2":{"start":{"line":19,"column":15},"end":{"line":19,"column":null}}},"fnMap":{},"branchMap":{},"s":{"0":1,"1":1,"2":1},"f":{},"b":{}}
,"/Users/evgenii/Desktop/dev/admin MVP/Admin-Dashboard-MVP/locales/fr.ts": {"path":"/Users/evgenii/Desktop/dev/admin MVP/Admin-Dashboard-MVP/locales/fr.ts","statementMap":{"0":{"start":{"line":19,"column":0},"end":{"line":19,"column":15}},"1":{"start":{"line":1,"column":11},"end":{"line":17,"column":null}},"2":{"start":{"line":19,"column":15},"end":{"line":19,"column":null}}},"fnMap":{},"branchMap":{},"s":{"0":1,"1":1,"2":1},"f":{},"b":{}}
,"/Users/evgenii/Desktop/dev/admin MVP/Admin-Dashboard-MVP/locales/ru.ts": {"path":"/Users/evgenii/Desktop/dev/admin MVP/Admin-Dashboard-MVP/locales/ru.ts","statementMap":{"0":{"start":{"line":19,"column":0},"end":{"line":19,"column":15}},"1":{"start":{"line":1,"column":11},"end":{"line":17,"column":null}},"2":{"start":{"line":19,"column":15},"end":{"line":19,"column":null}}},"fnMap":{},"branchMap":{},"s":{"0":1,"1":1,"2":1},"f":{},"b":{}}
,"/Users/evgenii/Desktop/dev/admin MVP/Admin-Dashboard-MVP/mocks/handlers.ts": {"path":"/Users/evgenii/Desktop/dev/admin MVP/Admin-Dashboard-MVP/mocks/handlers.ts","statementMap":{"0":{"start":{"line":19,"column":13},"end":{"line":19,"column":24}},"1":{"start":{"line":43,"column":16},"end":{"line":43,"column":null}},"2":{"start":{"line":1,"column":35},"end":{"line":1,"column":null}},"3":{"start":{"line":2,"column":18},"end":{"line":2,"column":null}},"4":{"start":{"line":3,"column":18},"end":{"line":3,"column":null}},"5":{"start":{"line":13,"column":14},"end":{"line":13,"column":null}},"6":{"start":{"line":13,"column":33},"end":{"line":13,"column":null}},"7":{"start":{"line":15,"column":22},"end":{"line":15,"column":null}},"8":{"start":{"line":17,"column":19},"end":{"line":17,"column":null}},"9":{"start":{"line":17,"column":25},"end":{"line":17,"column":null}},"10":{"start":{"line":19,"column":24},"end":{"line":41,"column":null}},"11":{"start":{"line":21,"column":4},"end":{"line":21,"column":null}},"12":{"start":{"line":24,"column":18},"end":{"line":24,"column":null}},"13":{"start":{"line":25,"column":20},"end":{"line":28,"column":null}},"14":{"start":{"line":30,"column":4},"end":{"line":30,"column":null}},"15":{"start":{"line":32,"column":4},"end":{"line":32,"column":null}},"16":{"start":{"line":35,"column":4},"end":{"line":35,"column":null}},"17":{"start":{"line":38,"column":18},"end":{"line":38,"column":null}},"18":{"start":{"line":39,"column":4},"end":{"line":39,"column":null}},"19":{"start":{"line":44,"column":2},"end":{"line":44,"column":null}}},"fnMap":{"0":{"name":"(anonymous_4)","decl":{"start":{"line":13,"column":14},"end":{"line":13,"column":18}},"loc":{"start":{"line":13,"column":33},"end":{"line":13,"column":null}}},"1":{"name":"(anonymous_5)","decl":{"start":{"line":17,"column":19},"end":{"line":17,"column":25}},"loc":{"start":{"line":17,"column":25},"end":{"line":17,"column":null}}},"2":{"name":"(anonymous_6)","decl":{"start":{"line":20,"column":25},"end":{"line":20,"column":null}},"loc":{"start":{"line":20,"column":25},"end":{"line":22,"column":null}}},"3":{"name":"(anonymous_7)","decl":{"start":{"line":23,"column":26},"end":{"line":23,"column":33}},"loc":{"start":{"line":23,"column":44},"end":{"line":33,"column":null}}},"4":{"name":"(anonymous_8)","decl":{"start":{"line":34,"column":25},"end":{"line":34,"column":null}},"loc":{"start":{"line":34,"column":25},"end":{"line":36,"column":null}}},"5":{"name":"(anonymous_9)","decl":{"start":{"line":37,"column":25},"end":{"line":37,"column":32}},"loc":{"start":{"line":37,"column":43},"end":{"line":40,"column":null}}},"6":{"name":"resetMockData","decl":{"start":{"line":43,"column":16},"end":{"line":43,"column":null}},"loc":{"start":{"line":43,"column":16},"end":{"line":45,"column":null}}}},"branchMap":{},"s":{"0":6,"1":4,"2":1,"3":1,"4":1,"5":1,"6":6,"7":1,"8":1,"9":1,"10":1,"11":2,"12":1,"13":1,"14":1,"15":1,"16":1,"17":1,"18":1,"19":4},"f":{"0":6,"1":1,"2":2,"3":1,"4":1,"5":1,"6":4},"b":{}}
,"/Users/evgenii/Desktop/dev/admin MVP/Admin-Dashboard-MVP/mocks/server.ts": {"path":"/Users/evgenii/Desktop/dev/admin MVP/Admin-Dashboard-MVP/mocks/server.ts","statementMap":{"0":{"start":{"line":4,"column":13},"end":{"line":4,"column":22}},"1":{"start":{"line":1,"column":28},"end":{"line":1,"column":null}},"2":{"start":{"line":2,"column":25},"end":{"line":2,"column":null}},"3":{"start":{"line":4,"column":22},"end":{"line":4,"column":null}}},"fnMap":{},"branchMap":{},"s":{"0":1,"1":19,"2":1,"3":1},"f":{},"b":{}}
}
