{"/Users/evgenii/Desktop/dev/admin MVP/Admin-Dashboard-MVP/components/common/AvatarMenu.tsx": {"path":"/Users/evgenii/Desktop/dev/admin MVP/Admin-Dashboard-MVP/components/common/AvatarMenu.tsx","statementMap":{"0":{"start":{"line":5,"column":24},"end":{"line":5,"column":null}},"1":{"start":{"line":2,"column":25},"end":{"line":2,"column":null}},"2":{"start":{"line":3,"column":17},"end":{"line":3,"column":null}},"3":{"start":{"line":6,"column":26},"end":{"line":6,"column":null}},"4":{"start":{"line":11,"column":23},"end":{"line":11,"column":null}},"5":{"start":{"line":11,"column":38},"end":{"line":11,"column":null}},"6":{"start":{"line":19,"column":27},"end":{"line":19,"column":null}},"7":{"start":{"line":26,"column":14},"end":{"line":26,"column":null}},"8":{"start":{"line":27,"column":14},"end":{"line":27,"column":null}}},"fnMap":{"0":{"name":"AvatarMenu","decl":{"start":{"line":5,"column":24},"end":{"line":5,"column":null}},"loc":{"start":{"line":5,"column":24},"end":{"line":36,"column":null}}},"1":{"name":"(anonymous_3)","decl":{"start":{"line":11,"column":17},"end":{"line":11,"column":23}},"loc":{"start":{"line":11,"column":23},"end":{"line":11,"column":null}}},"2":{"name":"(anonymous_4)","decl":{"start":{"line":11,"column":31},"end":{"line":11,"column":32}},"loc":{"start":{"line":11,"column":38},"end":{"line":11,"column":null}}},"3":{"name":"(anonymous_5)","decl":{"start":{"line":19,"column":21},"end":{"line":19,"column":27}},"loc":{"start":{"line":19,"column":27},"end":{"line":19,"column":null}}},"4":{"name":"(anonymous_6)","decl":{"start":{"line":25,"column":21},"end":{"line":25,"column":null}},"loc":{"start":{"line":25,"column":21},"end":{"line":28,"column":null}}}},"branchMap":{"0":{"loc":{"start":{"line":14,"column":7},"end":{"line":14,"column":null}},"type":"binary-expr","locations":[{"start":{"line":14,"column":7},"end":{"line":14,"column":null}}]}},"s":{"0":6,"1":1,"2":1,"3":14,"4":6,"5":6,"6":1,"7":1,"8":1},"f":{"0":14,"1":6,"2":6,"3":1,"4":1},"b":{"0":[14]}}
,"/Users/evgenii/Desktop/dev/admin MVP/Admin-Dashboard-MVP/components/common/ConfirmModal.tsx": {"path":"/Users/evgenii/Desktop/dev/admin MVP/Admin-Dashboard-MVP/components/common/ConfirmModal.tsx","statementMap":{"0":{"start":{"line":11,"column":24},"end":{"line":11,"column":37}},"1":{"start":{"line":12,"column":2},"end":{"line":12,"column":null}},"2":{"start":{"line":12,"column":13},"end":{"line":12,"column":null}}},"fnMap":{"0":{"name":"ConfirmModal","decl":{"start":{"line":11,"column":24},"end":{"line":11,"column":37}},"loc":{"start":{"line":11,"column":93},"end":{"line":29,"column":null}}}},"branchMap":{"0":{"loc":{"start":{"line":12,"column":2},"end":{"line":12,"column":null}},"type":"if","locations":[{"start":{"line":12,"column":2},"end":{"line":12,"column":null}},{"start":{},"end":{}}]},"1":{"loc":{"start":{"line":17,"column":9},"end":{"line":17,"column":24}},"type":"binary-expr","locations":[{"start":{"line":17,"column":9},"end":{"line":17,"column":24}}]}},"s":{"0":6,"1":6,"2":1},"f":{"0":6},"b":{"0":[1,5],"1":[5]}}
,"/Users/evgenii/Desktop/dev/admin MVP/Admin-Dashboard-MVP/components/ui/Button.tsx": {"path":"/Users/evgenii/Desktop/dev/admin MVP/Admin-Dashboard-MVP/components/ui/Button.tsx","statementMap":{"0":{"start":{"line":4,"column":16},"end":{"line":4,"column":23}}},"fnMap":{"0":{"name":"Button","decl":{"start":{"line":4,"column":16},"end":{"line":4,"column":23}},"loc":{"start":{"line":4,"column":92},"end":{"line":11,"column":null}}}},"branchMap":{"0":{"loc":{"start":{"line":4,"column":25},"end":{"line":4,"column":39}},"type":"default-arg","locations":[{"start":{"line":4,"column":37},"end":{"line":4,"column":39}}]}},"s":{"0":5},"f":{"0":5},"b":{"0":[4]}}
,"/Users/evgenii/Desktop/dev/admin MVP/Admin-Dashboard-MVP/components/ui/Checkbox.tsx": {"path":"/Users/evgenii/Desktop/dev/admin MVP/Admin-Dashboard-MVP/components/ui/Checkbox.tsx","statementMap":{"0":{"start":{"line":4,"column":13},"end":{"line":4,"column":24}},"1":{"start":{"line":2,"column":48},"end":{"line":2,"column":null}},"2":{"start":{"line":15,"column":0},"end":{"line":15,"column":null}}},"fnMap":{},"branchMap":{"0":{"loc":{"start":{"line":5,"column":5},"end":{"line":5,"column":19}},"type":"default-arg","locations":[{"start":{"line":5,"column":17},"end":{"line":5,"column":19}}]}},"s":{"0":6,"1":1,"2":1},"f":{},"b":{"0":[5]}}
,"/Users/evgenii/Desktop/dev/admin MVP/Admin-Dashboard-MVP/components/ui/Dialog.tsx": {"path":"/Users/evgenii/Desktop/dev/admin MVP/Admin-Dashboard-MVP/components/ui/Dialog.tsx","statementMap":{"0":{"start":{"line":11,"column":16},"end":{"line":11,"column":23}},"1":{"start":{"line":12,"column":2},"end":{"line":12,"column":null}},"2":{"start":{"line":12,"column":13},"end":{"line":12,"column":null}}},"fnMap":{"0":{"name":"Dialog","decl":{"start":{"line":11,"column":16},"end":{"line":11,"column":23}},"loc":{"start":{"line":11,"column":70},"end":{"line":30,"column":null}}}},"branchMap":{"0":{"loc":{"start":{"line":12,"column":2},"end":{"line":12,"column":null}},"type":"if","locations":[{"start":{"line":12,"column":2},"end":{"line":12,"column":null}},{"start":{},"end":{}}]},"1":{"loc":{"start":{"line":17,"column":9},"end":{"line":17,"column":18}},"type":"binary-expr","locations":[{"start":{"line":17,"column":9},"end":{"line":17,"column":18}}]}},"s":{"0":8,"1":8,"2":1},"f":{"0":8},"b":{"0":[1,7],"1":[7]}}
,"/Users/evgenii/Desktop/dev/admin MVP/Admin-Dashboard-MVP/components/ui/Input.tsx": {"path":"/Users/evgenii/Desktop/dev/admin MVP/Admin-Dashboard-MVP/components/ui/Input.tsx","statementMap":{"0":{"start":{"line":4,"column":13},"end":{"line":4,"column":21}},"1":{"start":{"line":2,"column":48},"end":{"line":2,"column":null}},"2":{"start":{"line":14,"column":0},"end":{"line":14,"column":null}}},"fnMap":{},"branchMap":{"0":{"loc":{"start":{"line":5,"column":5},"end":{"line":5,"column":19}},"type":"default-arg","locations":[{"start":{"line":5,"column":17},"end":{"line":5,"column":19}}]}},"s":{"0":6,"1":1,"2":1},"f":{},"b":{"0":[5]}}
,"/Users/evgenii/Desktop/dev/admin MVP/Admin-Dashboard-MVP/components/ui/Select.tsx": {"path":"/Users/evgenii/Desktop/dev/admin MVP/Admin-Dashboard-MVP/components/ui/Select.tsx","statementMap":{"0":{"start":{"line":4,"column":13},"end":{"line":4,"column":22}},"1":{"start":{"line":2,"column":49},"end":{"line":2,"column":null}},"2":{"start":{"line":14,"column":0},"end":{"line":14,"column":null}}},"fnMap":{},"branchMap":{"0":{"loc":{"start":{"line":5,"column":5},"end":{"line":5,"column":19}},"type":"default-arg","locations":[{"start":{"line":5,"column":17},"end":{"line":5,"column":19}}]}},"s":{"0":8,"1":1,"2":1},"f":{},"b":{"0":[7]}}
,"/Users/evgenii/Desktop/dev/admin MVP/Admin-Dashboard-MVP/components/ui/Switch.tsx": {"path":"/Users/evgenii/Desktop/dev/admin MVP/Admin-Dashboard-MVP/components/ui/Switch.tsx","statementMap":{"0":{"start":{"line":4,"column":13},"end":{"line":4,"column":22}},"1":{"start":{"line":2,"column":48},"end":{"line":2,"column":null}},"2":{"start":{"line":17,"column":0},"end":{"line":17,"column":null}}},"fnMap":{},"branchMap":{"0":{"loc":{"start":{"line":5,"column":5},"end":{"line":5,"column":19}},"type":"default-arg","locations":[{"start":{"line":5,"column":17},"end":{"line":5,"column":19}}]}},"s":{"0":8,"1":1,"2":1},"f":{},"b":{"0":[7]}}
,"/Users/evgenii/Desktop/dev/admin MVP/Admin-Dashboard-MVP/components/ui/Toggle.tsx": {"path":"/Users/evgenii/Desktop/dev/admin MVP/Admin-Dashboard-MVP/components/ui/Toggle.tsx","statementMap":{"0":{"start":{"line":6,"column":16},"end":{"line":6,"column":23}},"1":{"start":{"line":2,"column":47},"end":{"line":2,"column":null}},"2":{"start":{"line":7,"column":32},"end":{"line":7,"column":null}},"3":{"start":{"line":12,"column":8},"end":{"line":12,"column":null}},"4":{"start":{"line":12,"column":26},"end":{"line":12,"column":null}},"5":{"start":{"line":13,"column":8},"end":{"line":13,"column":null}}},"fnMap":{"0":{"name":"Toggle","decl":{"start":{"line":6,"column":16},"end":{"line":6,"column":23}},"loc":{"start":{"line":6,"column":64},"end":{"line":20,"column":null}}},"1":{"name":"(anonymous_2)","decl":{"start":{"line":11,"column":15},"end":{"line":11,"column":16}},"loc":{"start":{"line":11,"column":16},"end":{"line":14,"column":null}}},"2":{"name":"(anonymous_3)","decl":{"start":{"line":12,"column":19},"end":{"line":12,"column":20}},"loc":{"start":{"line":12,"column":26},"end":{"line":12,"column":null}}}},"branchMap":{"0":{"loc":{"start":{"line":6,"column":25},"end":{"line":6,"column":39}},"type":"default-arg","locations":[{"start":{"line":6,"column":37},"end":{"line":6,"column":39}}]},"1":{"loc":{"start":{"line":16,"column":8},"end":{"line":16,"column":null}},"type":"cond-expr","locations":[{"start":{"line":16,"column":18},"end":{"line":16,"column":45}},{"start":{"line":16,"column":45},"end":{"line":16,"column":null}}]}},"s":{"0":8,"1":1,"2":12,"3":4,"4":4,"5":4},"f":{"0":12,"1":4,"2":4},"b":{"0":[11],"1":[4,8]}}
,"/Users/evgenii/Desktop/dev/admin MVP/Admin-Dashboard-MVP/lib/fetcher.ts": {"path":"/Users/evgenii/Desktop/dev/admin MVP/Admin-Dashboard-MVP/lib/fetcher.ts","statementMap":{"0":{"start":{"line":1,"column":13},"end":{"line":1,"column":32}},"1":{"start":{"line":8,"column":22},"end":{"line":8,"column":33}},"2":{"start":{"line":3,"column":4},"end":{"line":2,"column":35}},"3":{"start":{"line":4,"column":4},"end":{"line":4,"column":null}},"4":{"start":{"line":9,"column":14},"end":{"line":9,"column":null}},"5":{"start":{"line":10,"column":2},"end":{"line":16,"column":null}},"6":{"start":{"line":11,"column":18},"end":{"line":13,"column":null}},"7":{"start":{"line":15,"column":4},"end":{"line":15,"column":null}},"8":{"start":{"line":17,"column":2},"end":{"line":17,"column":null}}},"fnMap":{"0":{"name":"(anonymous_3)","decl":{"start":{"line":2,"column":2},"end":{"line":2,"column":14}},"loc":{"start":{"line":2,"column":54},"end":{"line":5,"column":null}}},"1":{"name":"fetcher","decl":{"start":{"line":8,"column":22},"end":{"line":8,"column":33}},"loc":{"start":{"line":8,"column":71},"end":{"line":18,"column":null}}}},"branchMap":{"0":{"loc":{"start":{"line":10,"column":2},"end":{"line":16,"column":null}},"type":"if","locations":[{"start":{"line":10,"column":2},"end":{"line":16,"column":null}},{"start":{},"end":{}}]}},"s":{"0":1,"1":3,"2":2,"3":2,"4":3,"5":3,"6":2,"7":2,"8":1},"f":{"0":2,"1":3},"b":{"0":[2,1]}}
,"/Users/evgenii/Desktop/dev/admin MVP/Admin-Dashboard-MVP/lib/validators.ts": {"path":"/Users/evgenii/Desktop/dev/admin MVP/Admin-Dashboard-MVP/lib/validators.ts","statementMap":{"0":{"start":{"line":8,"column":13},"end":{"line":8,"column":29}},"1":{"start":{"line":87,"column":13},"end":{"line":87,"column":35}},"2":{"start":{"line":16,"column":13},"end":{"line":16,"column":26}},"3":{"start":{"line":1,"column":18},"end":{"line":1,"column":null}},"4":{"start":{"line":4,"column":19},"end":{"line":4,"column":null}},"5":{"start":{"line":5,"column":22},"end":{"line":5,"column":null}},"6":{"start":{"line":6,"column":17},"end":{"line":6,"column":null}},"7":{"start":{"line":8,"column":29},"end":{"line":14,"column":null}},"8":{"start":{"line":16,"column":26},"end":{"line":82,"column":null}},"9":{"start":{"line":45,"column":18},"end":{"line":45,"column":null}},"10":{"start":{"line":46,"column":6},"end":{"line":46,"column":null}},"11":{"start":{"line":66,"column":21},"end":{"line":66,"column":35}},"12":{"start":{"line":79,"column":20},"end":{"line":79,"column":58}},"13":{"start":{"line":87,"column":35},"end":{"line":95,"column":null}},"14":{"start":{"line":88,"column":17},"end":{"line":88,"column":null}},"15":{"start":{"line":89,"column":2},"end":{"line":89,"column":null}},"16":{"start":{"line":89,"column":28},"end":{"line":89,"column":null}},"17":{"start":{"line":90,"column":2},"end":{"line":90,"column":null}},"18":{"start":{"line":90,"column":31},"end":{"line":90,"column":null}},"19":{"start":{"line":91,"column":2},"end":{"line":91,"column":null}},"20":{"start":{"line":91,"column":31},"end":{"line":91,"column":null}},"21":{"start":{"line":92,"column":2},"end":{"line":92,"column":null}},"22":{"start":{"line":92,"column":28},"end":{"line":92,"column":null}},"23":{"start":{"line":93,"column":2},"end":{"line":93,"column":null}},"24":{"start":{"line":93,"column":35},"end":{"line":93,"column":null}},"25":{"start":{"line":94,"column":2},"end":{"line":94,"column":null}}},"fnMap":{"0":{"name":"(anonymous_4)","decl":{"start":{"line":44,"column":12},"end":{"line":44,"column":13}},"loc":{"start":{"line":44,"column":13},"end":{"line":47,"column":7}}},"1":{"name":"(anonymous_5)","decl":{"start":{"line":66,"column":12},"end":{"line":66,"column":13}},"loc":{"start":{"line":66,"column":21},"end":{"line":66,"column":35}}},"2":{"name":"(anonymous_6)","decl":{"start":{"line":79,"column":10},"end":{"line":79,"column":11}},"loc":{"start":{"line":79,"column":20},"end":{"line":79,"column":58}}},"3":{"name":"(anonymous_7)","decl":{"start":{"line":87,"column":35},"end":{"line":87,"column":36}},"loc":{"start":{"line":87,"column":36},"end":{"line":95,"column":null}}}},"branchMap":{"0":{"loc":{"start":{"line":89,"column":2},"end":{"line":89,"column":null}},"type":"if","locations":[{"start":{"line":89,"column":2},"end":{"line":89,"column":null}},{"start":{},"end":{}}]},"1":{"loc":{"start":{"line":90,"column":2},"end":{"line":90,"column":null}},"type":"if","locations":[{"start":{"line":90,"column":2},"end":{"line":90,"column":null}},{"start":{},"end":{}}]},"2":{"loc":{"start":{"line":91,"column":2},"end":{"line":91,"column":null}},"type":"if","locations":[{"start":{"line":91,"column":2},"end":{"line":91,"column":null}},{"start":{},"end":{}}]},"3":{"loc":{"start":{"line":92,"column":2},"end":{"line":92,"column":null}},"type":"if","locations":[{"start":{"line":92,"column":2},"end":{"line":92,"column":null}},{"start":{},"end":{}}]},"4":{"loc":{"start":{"line":93,"column":2},"end":{"line":93,"column":null}},"type":"if","locations":[{"start":{"line":93,"column":2},"end":{"line":93,"column":null}},{"start":{},"end":{}}]}},"s":{"0":0,"1":5,"2":5,"3":1,"4":1,"5":1,"6":1,"7":1,"8":1,"9":5,"10":5,"11":5,"12":5,"13":1,"14":5,"15":5,"16":4,"17":5,"18":2,"19":5,"20":2,"21":5,"22":2,"23":5,"24":1,"25":5},"f":{"0":5,"1":5,"2":5,"3":5},"b":{"0":[4,1],"1":[2,3],"2":[2,3],"3":[2,3],"4":[1,4]}}
,"/Users/evgenii/Desktop/dev/admin MVP/Admin-Dashboard-MVP/mocks/handlers.ts": {"path":"/Users/evgenii/Desktop/dev/admin MVP/Admin-Dashboard-MVP/mocks/handlers.ts","statementMap":{"0":{"start":{"line":19,"column":13},"end":{"line":19,"column":24}},"1":{"start":{"line":43,"column":16},"end":{"line":43,"column":null}},"2":{"start":{"line":1,"column":35},"end":{"line":1,"column":null}},"3":{"start":{"line":2,"column":18},"end":{"line":2,"column":null}},"4":{"start":{"line":3,"column":18},"end":{"line":3,"column":null}},"5":{"start":{"line":13,"column":14},"end":{"line":13,"column":null}},"6":{"start":{"line":13,"column":33},"end":{"line":13,"column":null}},"7":{"start":{"line":15,"column":22},"end":{"line":15,"column":null}},"8":{"start":{"line":17,"column":19},"end":{"line":17,"column":null}},"9":{"start":{"line":17,"column":25},"end":{"line":17,"column":null}},"10":{"start":{"line":19,"column":24},"end":{"line":41,"column":null}},"11":{"start":{"line":21,"column":4},"end":{"line":21,"column":null}},"12":{"start":{"line":24,"column":18},"end":{"line":24,"column":null}},"13":{"start":{"line":25,"column":20},"end":{"line":28,"column":null}},"14":{"start":{"line":30,"column":4},"end":{"line":30,"column":null}},"15":{"start":{"line":32,"column":4},"end":{"line":32,"column":null}},"16":{"start":{"line":35,"column":4},"end":{"line":35,"column":null}},"17":{"start":{"line":38,"column":18},"end":{"line":38,"column":null}},"18":{"start":{"line":39,"column":4},"end":{"line":39,"column":null}},"19":{"start":{"line":44,"column":2},"end":{"line":44,"column":null}}},"fnMap":{"0":{"name":"(anonymous_4)","decl":{"start":{"line":13,"column":14},"end":{"line":13,"column":18}},"loc":{"start":{"line":13,"column":33},"end":{"line":13,"column":null}}},"1":{"name":"(anonymous_5)","decl":{"start":{"line":17,"column":19},"end":{"line":17,"column":25}},"loc":{"start":{"line":17,"column":25},"end":{"line":17,"column":null}}},"2":{"name":"(anonymous_6)","decl":{"start":{"line":20,"column":25},"end":{"line":20,"column":null}},"loc":{"start":{"line":20,"column":25},"end":{"line":22,"column":null}}},"3":{"name":"(anonymous_7)","decl":{"start":{"line":23,"column":26},"end":{"line":23,"column":33}},"loc":{"start":{"line":23,"column":44},"end":{"line":33,"column":null}}},"4":{"name":"(anonymous_8)","decl":{"start":{"line":34,"column":25},"end":{"line":34,"column":null}},"loc":{"start":{"line":34,"column":25},"end":{"line":36,"column":null}}},"5":{"name":"(anonymous_9)","decl":{"start":{"line":37,"column":25},"end":{"line":37,"column":32}},"loc":{"start":{"line":37,"column":43},"end":{"line":40,"column":null}}},"6":{"name":"resetMockData","decl":{"start":{"line":43,"column":16},"end":{"line":43,"column":null}},"loc":{"start":{"line":43,"column":16},"end":{"line":45,"column":null}}}},"branchMap":{},"s":{"0":6,"1":4,"2":1,"3":1,"4":1,"5":1,"6":6,"7":1,"8":1,"9":1,"10":1,"11":2,"12":1,"13":1,"14":1,"15":1,"16":1,"17":1,"18":1,"19":4},"f":{"0":6,"1":1,"2":2,"3":1,"4":1,"5":1,"6":4},"b":{}}
,"/Users/evgenii/Desktop/dev/admin MVP/Admin-Dashboard-MVP/mocks/server.ts": {"path":"/Users/evgenii/Desktop/dev/admin MVP/Admin-Dashboard-MVP/mocks/server.ts","statementMap":{"0":{"start":{"line":4,"column":13},"end":{"line":4,"column":22}},"1":{"start":{"line":1,"column":28},"end":{"line":1,"column":null}},"2":{"start":{"line":2,"column":25},"end":{"line":2,"column":null}},"3":{"start":{"line":4,"column":22},"end":{"line":4,"column":null}}},"fnMap":{},"branchMap":{},"s":{"0":1,"1":13,"2":1,"3":1},"f":{},"b":{}}
}
