TN:
SF:components/common/AvatarMenu.tsx
FN:5,AvatarMenu
FN:11,(anonymous_3)
FN:11,(anonymous_4)
FN:19,(anonymous_5)
FN:25,(anonymous_6)
FNF:5
FNH:5
FNDA:14,AvatarMenu
FNDA:6,(anonymous_3)
FNDA:6,(anonymous_4)
FNDA:1,(anonymous_5)
FNDA:1,(anonymous_6)
DA:2,1
DA:3,1
DA:5,6
DA:6,14
DA:11,6
DA:19,1
DA:26,1
DA:27,1
LF:8
LH:8
BRDA:14,0,0,14
BRF:1
BRH:1
end_of_record
TN:
SF:components/common/ConfirmModal.tsx
FN:11,ConfirmModal
FNF:1
FNH:1
FNDA:6,ConfirmModal
DA:11,6
DA:12,6
LF:2
LH:2
BRDA:12,0,0,1
BRDA:12,0,1,5
BRDA:17,1,0,5
BRF:3
BRH:3
end_of_record
TN:
SF:components/ui/Button.tsx
FN:4,Button
FNF:1
FNH:1
FNDA:5,Button
DA:4,5
LF:1
LH:1
BRDA:4,0,0,4
BRF:1
BRH:1
end_of_record
TN:
SF:components/ui/Checkbox.tsx
FNF:0
FNH:0
DA:2,1
DA:4,6
DA:15,1
LF:3
LH:3
BRDA:5,0,0,5
BRF:1
BRH:1
end_of_record
TN:
SF:components/ui/Dialog.tsx
FN:11,Dialog
FNF:1
FNH:1
FNDA:8,Dialog
DA:11,8
DA:12,8
LF:2
LH:2
BRDA:12,0,0,1
BRDA:12,0,1,7
BRDA:17,1,0,7
BRF:3
BRH:3
end_of_record
TN:
SF:components/ui/Input.tsx
FNF:0
FNH:0
DA:2,1
DA:4,6
DA:14,1
LF:3
LH:3
BRDA:5,0,0,5
BRF:1
BRH:1
end_of_record
TN:
SF:components/ui/Select.tsx
FNF:0
FNH:0
DA:2,1
DA:4,8
DA:14,1
LF:3
LH:3
BRDA:5,0,0,7
BRF:1
BRH:1
end_of_record
TN:
SF:components/ui/Switch.tsx
FNF:0
FNH:0
DA:2,1
DA:4,8
DA:17,1
LF:3
LH:3
BRDA:5,0,0,7
BRF:1
BRH:1
end_of_record
TN:
SF:components/ui/Toggle.tsx
FN:6,Toggle
FN:11,(anonymous_2)
FN:12,(anonymous_3)
FNF:3
FNH:3
FNDA:12,Toggle
FNDA:4,(anonymous_2)
FNDA:4,(anonymous_3)
DA:2,1
DA:6,8
DA:7,12
DA:12,4
DA:13,4
LF:5
LH:5
BRDA:6,0,0,11
BRDA:16,1,0,4
BRDA:16,1,1,8
BRF:3
BRH:3
end_of_record
TN:
SF:lib/fetcher.ts
FN:2,(anonymous_3)
FN:8,fetcher
FNF:2
FNH:2
FNDA:2,(anonymous_3)
FNDA:3,fetcher
DA:1,1
DA:3,2
DA:4,2
DA:8,3
DA:9,3
DA:10,3
DA:11,2
DA:15,2
DA:17,1
LF:9
LH:9
BRDA:10,0,0,2
BRDA:10,0,1,1
BRF:2
BRH:2
end_of_record
TN:
SF:lib/validators.ts
FN:44,(anonymous_4)
FN:66,(anonymous_5)
FN:79,(anonymous_6)
FN:87,(anonymous_7)
FNF:4
FNH:4
FNDA:5,(anonymous_4)
FNDA:5,(anonymous_5)
FNDA:5,(anonymous_6)
FNDA:5,(anonymous_7)
DA:1,1
DA:4,1
DA:5,1
DA:6,1
DA:8,1
DA:16,5
DA:45,5
DA:46,5
DA:66,5
DA:79,5
DA:87,5
DA:88,5
DA:89,5
DA:90,5
DA:91,5
DA:92,5
DA:93,5
DA:94,5
LF:18
LH:18
BRDA:89,0,0,4
BRDA:89,0,1,1
BRDA:90,1,0,2
BRDA:90,1,1,3
BRDA:91,2,0,2
BRDA:91,2,1,3
BRDA:92,3,0,2
BRDA:92,3,1,3
BRDA:93,4,0,1
BRDA:93,4,1,4
BRF:10
BRH:10
end_of_record
TN:
SF:mocks/handlers.ts
FN:13,(anonymous_4)
FN:17,(anonymous_5)
FN:20,(anonymous_6)
FN:23,(anonymous_7)
FN:34,(anonymous_8)
FN:37,(anonymous_9)
FN:43,resetMockData
FNF:7
FNH:7
FNDA:6,(anonymous_4)
FNDA:1,(anonymous_5)
FNDA:2,(anonymous_6)
FNDA:1,(anonymous_7)
FNDA:1,(anonymous_8)
FNDA:1,(anonymous_9)
FNDA:4,resetMockData
DA:1,1
DA:2,1
DA:3,1
DA:13,6
DA:15,1
DA:17,1
DA:19,6
DA:21,2
DA:24,1
DA:25,1
DA:30,1
DA:32,1
DA:35,1
DA:38,1
DA:39,1
DA:43,4
DA:44,4
LF:17
LH:17
BRF:0
BRH:0
end_of_record
TN:
SF:mocks/server.ts
FNF:0
FNH:0
DA:1,13
DA:2,1
DA:4,1
LF:3
LH:3
BRF:0
BRH:0
end_of_record
