TN:
SF:components/common/AvatarMenu.tsx
FN:6,AvatarMenu
FN:13,(anonymous_3)
FN:13,(anonymous_4)
FN:21,(anonymous_5)
FN:27,(anonymous_6)
FNF:5
FNH:5
FNDA:14,AvatarMenu
FNDA:6,(anonymous_3)
FNDA:6,(anonymous_4)
FNDA:1,(anonymous_5)
FNDA:1,(anonymous_6)
DA:2,1
DA:3,1
DA:4,1
DA:6,6
DA:7,14
DA:8,14
DA:13,6
DA:21,1
DA:28,1
DA:29,1
LF:10
LH:10
BRDA:16,0,0,14
BRF:1
BRH:1
end_of_record
TN:
SF:components/common/ConfirmModal.tsx
FN:11,ConfirmModal
FNF:1
FNH:1
FNDA:6,ConfirmModal
DA:11,6
DA:12,6
LF:2
LH:2
BRDA:12,0,0,1
BRDA:12,0,1,5
BRDA:17,1,0,5
BRF:3
BRH:3
end_of_record
TN:
SF:components/common/EmptyState.tsx
FN:1,EmptyState
FNF:1
FNH:0
FNDA:0,EmptyState
DA:1,0
LF:1
LH:0
BRDA:1,0,0,0
BRDA:1,1,0,0
BRF:2
BRH:0
end_of_record
TN:
SF:components/data-table/ColumnVisibilityMenu.tsx
FN:12,ColumnVisibilityMenu
FN:28,(anonymous_2)
FN:37,(anonymous_3)
FNF:3
FNH:3
FNDA:9,ColumnVisibilityMenu
FNDA:18,(anonymous_2)
FNDA:1,(anonymous_3)
DA:4,1
DA:5,1
DA:12,9
DA:13,9
DA:15,9
DA:16,0
DA:29,18
DA:30,0
DA:33,18
DA:37,1
LF:10
LH:8
BRDA:12,0,0,9
BRDA:15,1,0,0
BRDA:15,1,1,9
BRDA:29,2,0,0
BRDA:29,2,1,18
BRDA:39,3,0,18
BRDA:39,3,1,0
BRF:7
BRH:4
end_of_record
TN:
SF:components/data-table/DataTable.tsx
FN:18,DataTable
FNF:1
FNH:1
FNDA:9,DataTable
DA:4,1
DA:5,1
DA:6,1
DA:7,1
DA:18,2
DA:35,9
DA:43,9
LF:7
LH:7
BRDA:23,0,0,2
BRDA:24,1,0,9
BRDA:43,2,0,9
BRDA:43,2,1,9
BRDA:47,3,0,9
BRDA:61,4,0,9
BRDA:61,4,1,0
BRDA:65,5,0,9
BRDA:65,5,1,0
BRF:9
BRH:7
end_of_record
TN:
SF:components/data-table/DataTableBody.tsx
FN:12,DataTableBody
FN:25,(anonymous_3)
FN:27,(anonymous_4)
FN:48,(anonymous_5)
FN:50,(anonymous_6)
FNF:5
FNH:5
FNDA:9,DataTableBody
FNDA:9,(anonymous_3)
FNDA:17,(anonymous_4)
FNDA:15,(anonymous_5)
FNDA:27,(anonymous_6)
DA:3,1
DA:4,1
DA:12,9
DA:17,9
DA:18,9
DA:19,9
DA:26,9
DA:28,17
DA:29,17
DA:49,15
DA:51,27
LF:11
LH:11
BRDA:14,0,0,9
BRDA:15,1,0,9
BRDA:19,2,0,9
BRDA:19,2,1,0
BRDA:37,3,0,17
BRDA:38,4,0,17
BRDA:48,5,0,9
BRF:7
BRH:6
end_of_record
TN:
SF:components/data-table/DataTableToolbar.tsx
FN:16,DataTableToolbar
FN:23,(anonymous_3)
FNF:2
FNH:2
FNDA:9,DataTableToolbar
FNDA:3,(anonymous_3)
DA:5,1
DA:6,1
DA:16,9
DA:23,9
DA:24,3
LF:5
LH:5
BRDA:29,0,0,9
BRDA:29,0,1,0
BRF:2
BRH:1
end_of_record
TN:
SF:components/data-table/Pagination.tsx
FN:9,Pagination
FN:17,(anonymous_2)
FN:19,(anonymous_3)
FN:29,(anonymous_4)
FN:39,(anonymous_5)
FNF:5
FNH:2
FNDA:9,Pagination
FNDA:0,(anonymous_2)
FNDA:36,(anonymous_3)
FNDA:0,(anonymous_4)
FNDA:0,(anonymous_5)
DA:9,9
DA:17,0
DA:20,36
DA:29,0
DA:39,0
LF:5
LH:2
BRDA:9,0,0,0
BRF:1
BRH:0
end_of_record
TN:
SF:components/data-table/useConfiguredTable.ts
FN:35,useConfiguredTable
FN:45,(anonymous_2)
FN:55,(anonymous_3)
FN:65,(anonymous_4)
FN:66,(anonymous_5)
FN:74,(anonymous_6)
FN:105,(anonymous_7)
FNF:7
FNH:7
FNDA:12,useConfiguredTable
FNDA:5,(anonymous_2)
FNDA:5,(anonymous_3)
FNDA:5,(anonymous_4)
FNDA:20,(anonymous_5)
FNDA:24,(anonymous_6)
FNDA:4,(anonymous_7)
DA:3,2
DA:14,2
DA:35,12
DA:42,12
DA:43,12
DA:45,12
DA:46,5
DA:47,2
DA:49,3
DA:50,2
DA:52,1
DA:55,12
DA:56,5
DA:57,1
DA:59,4
DA:60,2
DA:62,2
DA:65,12
DA:66,5
DA:67,20
DA:68,20
DA:69,0
DA:73,20
DA:74,20
DA:75,24
DA:76,24
DA:77,24
DA:82,12
DA:101,12
DA:102,12
DA:103,12
DA:105,12
DA:106,4
DA:109,12
LF:34
LH:33
BRDA:40,0,0,1
BRDA:46,1,0,2
BRDA:46,1,1,3
BRDA:46,2,0,5
BRDA:46,2,1,2
BRDA:49,3,0,2
BRDA:49,3,1,1
BRDA:56,4,0,1
BRDA:56,4,1,4
BRDA:56,5,0,5
BRDA:56,5,1,4
BRDA:59,6,0,2
BRDA:59,6,1,2
BRDA:67,7,0,0
BRDA:67,7,1,20
BRDA:68,8,0,0
BRDA:68,8,1,20
BRDA:68,9,0,20
BRDA:68,9,1,20
BRDA:69,10,0,0
BRDA:69,10,1,0
BRDA:76,11,0,0
BRDA:76,11,1,24
BRDA:101,12,0,12
BRDA:101,12,1,1
BRF:25
BRH:20
end_of_record
TN:
SF:components/examples/components/AlertList.tsx
FN:11,AlertList
FN:16,(anonymous_2)
FNF:2
FNH:2
FNDA:1,AlertList
FNDA:1,(anonymous_2)
DA:11,1
DA:17,1
LF:2
LH:2
BRDA:11,0,0,1
BRF:1
BRH:1
end_of_record
TN:
SF:components/examples/components/AnimationsGrid.tsx
FN:11,AnimationsGrid
FN:16,(anonymous_2)
FNF:2
FNH:2
FNDA:1,AnimationsGrid
FNDA:1,(anonymous_2)
DA:11,1
DA:17,1
LF:2
LH:2
BRDA:11,0,0,1
BRF:1
BRH:1
end_of_record
TN:
SF:components/examples/components/ButtonsShowcase.tsx
FN:16,ButtonsShowcase
FN:27,(anonymous_2)
FN:35,(anonymous_3)
FN:44,(anonymous_4)
FNF:4
FNH:2
FNDA:1,ButtonsShowcase
FNDA:1,(anonymous_2)
FNDA:0,(anonymous_3)
FNDA:0,(anonymous_4)
DA:16,1
DA:28,1
DA:36,0
DA:45,0
LF:4
LH:2
BRDA:17,0,0,1
BRDA:19,1,0,0
BRDA:20,2,0,0
BRDA:27,3,0,1
BRDA:33,4,0,1
BRDA:35,5,0,0
BRDA:42,6,0,1
BRDA:44,7,0,0
BRF:8
BRH:4
end_of_record
TN:
SF:components/examples/components/CardsShowcase.tsx
FN:14,CardsShowcase
FN:19,(anonymous_2)
FNF:2
FNH:2
FNDA:1,CardsShowcase
FNDA:1,(anonymous_2)
DA:14,1
DA:20,1
LF:2
LH:2
BRDA:14,0,0,1
BRF:1
BRH:1
end_of_record
TN:
SF:components/examples/components/FormShowcase.tsx
FN:22,FormShowcase
FN:27,(anonymous_2)
FN:42,(anonymous_3)
FN:44,(anonymous_4)
FNF:4
FNH:4
FNDA:1,FormShowcase
FNDA:1,(anonymous_2)
FNDA:1,(anonymous_3)
FNDA:1,(anonymous_4)
DA:22,1
DA:28,1
DA:43,1
DA:45,1
LF:4
LH:4
BRDA:22,0,0,1
BRDA:22,1,0,0
BRDA:27,2,0,0
BRDA:27,3,0,0
BRDA:33,4,0,0
BRDA:40,5,0,1
BRDA:49,6,0,1
BRDA:49,6,1,1
BRDA:49,7,0,0
BRDA:49,7,1,1
BRDA:50,8,0,1
BRDA:50,8,1,0
BRF:12
BRH:6
end_of_record
TN:
SF:components/examples/components/StatusIndicators.tsx
FN:12,StatusIndicators
FN:17,(anonymous_2)
FNF:2
FNH:2
FNDA:1,StatusIndicators
FNDA:1,(anonymous_2)
DA:12,1
DA:18,1
LF:2
LH:2
BRDA:12,0,0,1
BRDA:20,1,0,0
BRDA:20,1,1,1
BRF:3
BRH:2
end_of_record
TN:
SF:components/examples/components/TypographyShowcase.tsx
FN:16,TypographyShowcase
FN:26,(anonymous_2)
FN:34,(anonymous_3)
FN:44,(anonymous_4)
FNF:4
FNH:3
FNDA:1,TypographyShowcase
FNDA:1,(anonymous_2)
FNDA:1,(anonymous_3)
FNDA:0,(anonymous_4)
DA:16,1
DA:27,1
DA:28,1
DA:35,1
DA:36,1
DA:45,0
DA:46,0
LF:7
LH:5
BRDA:17,0,0,1
BRDA:19,1,0,0
BRDA:20,2,0,0
BRDA:26,3,0,0
BRDA:34,4,0,1
BRDA:42,5,0,1
BRDA:44,6,0,0
BRF:7
BRH:3
end_of_record
TN:
SF:components/examples/settings/ConnectedAccounts.tsx
FN:16,ConnectedAccounts
FN:21,(anonymous_2)
FNF:2
FNH:2
FNDA:1,ConnectedAccounts
FNDA:2,(anonymous_2)
DA:16,1
DA:22,2
LF:2
LH:2
BRDA:16,0,0,1
BRDA:21,1,0,2
BRDA:21,2,0,2
BRDA:25,3,0,1
BRDA:25,3,1,1
BRDA:29,4,0,1
BRDA:29,4,1,1
BRDA:31,5,0,1
BRDA:31,5,1,1
BRF:9
BRH:9
end_of_record
TN:
SF:components/examples/settings/ProfileSection.tsx
FN:26,ProfileSection
FN:57,(anonymous_2)
FNF:2
FNH:2
FNDA:2,ProfileSection
FNDA:4,(anonymous_2)
DA:4,1
DA:26,2
DA:58,4
DA:59,4
LF:4
LH:4
BRDA:27,0,0,2
BRDA:28,1,0,1
BRDA:32,2,0,2
BRDA:33,3,0,2
BRDA:57,4,0,4
BRDA:57,5,0,4
BRDA:58,6,0,2
BRDA:58,6,1,2
BRDA:63,7,0,2
BRF:9
BRH:9
end_of_record
TN:
SF:components/examples/settings/SettingsSidebar.tsx
FN:17,SettingsSidebar
FN:20,(anonymous_2)
FN:27,(anonymous_3)
FNF:3
FNH:3
FNDA:2,SettingsSidebar
FNDA:4,(anonymous_2)
FNDA:1,(anonymous_3)
DA:17,2
DA:21,4
DA:22,4
DA:27,1
LF:4
LH:4
BRDA:21,0,0,2
BRDA:21,0,1,2
BRDA:26,1,0,2
BRDA:26,1,1,2
BRF:4
BRH:4
end_of_record
TN:
SF:components/ui/Button.tsx
FN:4,Button
FNF:1
FNH:1
FNDA:5,Button
DA:4,5
LF:1
LH:1
BRDA:4,0,0,4
BRF:1
BRH:1
end_of_record
TN:
SF:components/ui/Checkbox.tsx
FNF:0
FNH:0
DA:2,2
DA:4,24
DA:15,2
LF:3
LH:3
BRDA:5,0,0,9
BRF:1
BRH:1
end_of_record
TN:
SF:components/ui/Dialog.tsx
FN:11,Dialog
FNF:1
FNH:1
FNDA:8,Dialog
DA:11,8
DA:12,8
LF:2
LH:2
BRDA:12,0,0,1
BRDA:12,0,1,7
BRDA:17,1,0,7
BRF:3
BRH:3
end_of_record
TN:
SF:components/ui/DropdownMenu.tsx
FN:9,DropdownMenu
FN:13,(anonymous_2)
FN:13,(anonymous_3)
FNF:3
FNH:3
FNDA:10,DropdownMenu
FNDA:1,(anonymous_2)
FNDA:1,(anonymous_3)
DA:2,1
DA:9,9
DA:10,10
DA:13,1
LF:4
LH:4
BRDA:16,0,0,10
BRF:1
BRH:1
end_of_record
TN:
SF:components/ui/Input.tsx
FNF:0
FNH:0
DA:2,2
DA:4,15
DA:14,2
LF:3
LH:3
BRDA:5,0,0,14
BRF:1
BRH:1
end_of_record
TN:
SF:components/ui/Select.tsx
FNF:0
FNH:0
DA:2,1
DA:4,8
DA:14,1
LF:3
LH:3
BRDA:5,0,0,7
BRF:1
BRH:1
end_of_record
TN:
SF:components/ui/Switch.tsx
FNF:0
FNH:0
DA:2,1
DA:4,8
DA:30,1
LF:3
LH:3
BRDA:5,0,0,7
BRDA:8,1,0,1
BRDA:8,1,1,7
BRF:3
BRH:3
end_of_record
TN:
SF:components/ui/Toggle.tsx
FN:6,Toggle
FN:11,(anonymous_2)
FN:12,(anonymous_3)
FNF:3
FNH:3
FNDA:12,Toggle
FNDA:4,(anonymous_2)
FNDA:4,(anonymous_3)
DA:2,1
DA:6,8
DA:7,12
DA:12,4
DA:13,4
LF:5
LH:5
BRDA:6,0,0,11
BRDA:16,1,0,4
BRDA:16,1,1,8
BRF:3
BRH:3
end_of_record
TN:
SF:contexts/LocaleProvider.tsx
FN:10,(anonymous_3)
FN:13,(anonymous_4)
FN:46,LocaleProvider
FN:47,(anonymous_6)
FN:48,(anonymous_7)
FN:50,(anonymous_8)
FN:52,(anonymous_9)
FN:56,(anonymous_10)
FN:64,(anonymous_11)
FN:69,useLocale
FNF:10
FNH:9
FNDA:6,(anonymous_3)
FNDA:6,(anonymous_4)
FNDA:6,LocaleProvider
FNDA:6,(anonymous_6)
FNDA:6,(anonymous_7)
FNDA:11,(anonymous_8)
FNDA:0,(anonymous_9)
FNDA:6,(anonymous_10)
FNDA:6,(anonymous_11)
FNDA:14,useLocale
DA:3,1
DA:4,1
DA:6,1
DA:7,1
DA:8,1
DA:10,1
DA:11,6
DA:13,1
DA:14,6
DA:15,0
DA:18,6
DA:19,6
DA:20,5
DA:23,1
DA:24,1
DA:25,0
DA:26,0
DA:27,0
DA:28,0
DA:35,1
DA:44,1
DA:46,6
DA:47,6
DA:48,6
DA:50,11
DA:52,6
DA:53,0
DA:56,6
DA:57,6
DA:58,0
DA:60,6
DA:61,6
DA:64,6
DA:69,14
DA:70,14
DA:71,14
DA:72,0
DA:74,14
LF:38
LH:30
BRDA:11,0,0,6
BRDA:11,0,1,5
BRDA:14,1,0,0
BRDA:14,1,1,6
BRDA:19,2,0,5
BRDA:19,2,1,1
BRDA:24,3,0,0
BRDA:24,3,1,1
BRDA:27,4,0,0
BRDA:27,4,1,0
BRDA:57,5,0,0
BRDA:57,5,1,6
BRDA:71,6,0,0
BRDA:71,6,1,14
BRF:14
BRH:8
end_of_record
TN:
SF:lib/fetcher.ts
FN:2,(anonymous_3)
FN:8,fetcher
FNF:2
FNH:2
FNDA:2,(anonymous_3)
FNDA:3,fetcher
DA:1,1
DA:3,2
DA:4,2
DA:8,3
DA:9,3
DA:10,3
DA:11,2
DA:15,2
DA:17,1
LF:9
LH:9
BRDA:10,0,0,2
BRDA:10,0,1,1
BRF:2
BRH:2
end_of_record
TN:
SF:lib/i18n.ts
FN:17,getDictionary
FN:21,translate
FNF:2
FNH:2
FNDA:6,getDictionary
FNDA:11,translate
DA:1,1
DA:2,1
DA:3,1
DA:4,1
DA:6,5
DA:8,1
DA:10,1
DA:17,6
DA:18,6
DA:21,11
DA:22,11
DA:23,11
DA:24,11
DA:25,33
DA:26,33
DA:28,0
DA:32,11
DA:33,11
DA:36,0
LF:19
LH:17
BRDA:18,0,0,6
BRDA:18,0,1,0
BRDA:25,1,0,33
BRDA:25,1,1,0
BRDA:25,2,0,33
BRDA:25,2,1,33
BRDA:25,2,2,33
BRDA:28,3,0,0
BRDA:28,3,1,0
BRDA:32,4,0,11
BRDA:32,4,1,0
BRDA:36,5,0,0
BRDA:36,5,1,0
BRF:13
BRH:6
end_of_record
TN:
SF:lib/validators.ts
FN:44,(anonymous_4)
FN:66,(anonymous_5)
FN:79,(anonymous_6)
FN:87,(anonymous_7)
FNF:4
FNH:4
FNDA:5,(anonymous_4)
FNDA:5,(anonymous_5)
FNDA:5,(anonymous_6)
FNDA:5,(anonymous_7)
DA:1,1
DA:4,1
DA:5,1
DA:6,1
DA:8,1
DA:16,5
DA:45,5
DA:46,5
DA:66,5
DA:79,5
DA:87,5
DA:88,5
DA:89,5
DA:90,5
DA:91,5
DA:92,5
DA:93,5
DA:94,5
LF:18
LH:18
BRDA:89,0,0,4
BRDA:89,0,1,1
BRDA:90,1,0,2
BRDA:90,1,1,3
BRDA:91,2,0,2
BRDA:91,2,1,3
BRDA:92,3,0,2
BRDA:92,3,1,3
BRDA:93,4,0,1
BRDA:93,4,1,4
BRF:10
BRH:10
end_of_record
TN:
SF:locales/en.ts
FNF:0
FNH:0
DA:1,1
DA:19,1
LF:2
LH:2
BRF:0
BRH:0
end_of_record
TN:
SF:locales/es.ts
FNF:0
FNH:0
DA:1,1
DA:19,1
LF:2
LH:2
BRF:0
BRH:0
end_of_record
TN:
SF:locales/fr.ts
FNF:0
FNH:0
DA:1,1
DA:19,1
LF:2
LH:2
BRF:0
BRH:0
end_of_record
TN:
SF:locales/ru.ts
FNF:0
FNH:0
DA:1,1
DA:19,1
LF:2
LH:2
BRF:0
BRH:0
end_of_record
TN:
SF:mocks/handlers.ts
FN:13,(anonymous_4)
FN:17,(anonymous_5)
FN:20,(anonymous_6)
FN:23,(anonymous_7)
FN:34,(anonymous_8)
FN:37,(anonymous_9)
FN:43,resetMockData
FNF:7
FNH:7
FNDA:6,(anonymous_4)
FNDA:1,(anonymous_5)
FNDA:2,(anonymous_6)
FNDA:1,(anonymous_7)
FNDA:1,(anonymous_8)
FNDA:1,(anonymous_9)
FNDA:4,resetMockData
DA:1,1
DA:2,1
DA:3,1
DA:13,6
DA:15,1
DA:17,1
DA:19,6
DA:21,2
DA:24,1
DA:25,1
DA:30,1
DA:32,1
DA:35,1
DA:38,1
DA:39,1
DA:43,4
DA:44,4
LF:17
LH:17
BRF:0
BRH:0
end_of_record
TN:
SF:mocks/server.ts
FNF:0
FNH:0
DA:1,19
DA:2,1
DA:4,1
LF:3
LH:3
BRF:0
BRH:0
end_of_record
